{"/Users/leezesi/Documents/code/usmp/frontend/src/App.vue": {"path":"/Users/leezesi/Documents/code/usmp/frontend/src/App.vue","statementMap":{"0":{"start":{"line":2,"column":2},"end":{"line":3,"column":null}},"1":{"start":{"line":3,"column":19},"end":{"line":3,"column":null}}},"fnMap":{"0":{"name":"(anonymous_0)","decl":{"start":{"line":3,"column":4},"end":{"line":3,"column":19}},"loc":{"start":{"line":3,"column":19},"end":{"line":3,"column":null}},"line":3}},"branchMap":{},"s":{"0":0,"1":0},"f":{"0":0},"b":{},"meta":{"lastBranch":0,"lastFunction":1,"lastStatement":2,"seen":{"s:2:2:3:Infinity":0,"f:3:4:3:19":0,"s:3:19:3:Infinity":1}}}
,"/Users/leezesi/Documents/code/usmp/frontend/src/main.ts": {"path":"/Users/leezesi/Documents/code/usmp/frontend/src/main.ts","statementMap":{"0":{"start":{"line":11,"column":6},"end":{"line":11,"column":26}},"1":{"start":{"line":12,"column":6},"end":{"line":12,"column":27}},"2":{"start":{"line":14,"column":0},"end":{"line":14,"column":null}},"3":{"start":{"line":15,"column":0},"end":{"line":15,"column":null}},"4":{"start":{"line":16,"column":0},"end":{"line":16,"column":null}},"5":{"start":{"line":17,"column":0},"end":{"line":17,"column":null}}},"fnMap":{},"branchMap":{},"s":{"0":0,"1":0,"2":0,"3":0,"4":0,"5":0},"f":{},"b":{},"meta":{"lastBranch":0,"lastFunction":0,"lastStatement":6,"seen":{"s:11:6:11:26":0,"s:12:6:12:27":1,"s:14:0:14:Infinity":2,"s:15:0:15:Infinity":3,"s:16:0:16:Infinity":4,"s:17:0:17:Infinity":5}}}
,"/Users/leezesi/Documents/code/usmp/frontend/src/api/crd.ts": {"path":"/Users/leezesi/Documents/code/usmp/frontend/src/api/crd.ts","statementMap":{"0":{"start":{"line":41,"column":12},"end":{"line":44,"column":2}},"1":{"start":{"line":47,"column":14},"end":{"line":47,"column":48}},"2":{"start":{"line":48,"column":2},"end":{"line":48,"column":null}},"3":{"start":{"line":52,"column":14},"end":{"line":52,"column":44}},"4":{"start":{"line":53,"column":2},"end":{"line":53,"column":null}},"5":{"start":{"line":57,"column":14},"end":{"line":57,"column":51}},"6":{"start":{"line":58,"column":2},"end":{"line":58,"column":null}},"7":{"start":{"line":62,"column":2},"end":{"line":62,"column":null}},"8":{"start":{"line":66,"column":14},"end":{"line":66,"column":null}},"9":{"start":{"line":67,"column":2},"end":{"line":67,"column":null}}},"fnMap":{"0":{"name":"getSchema","decl":{"start":{"line":46,"column":22},"end":{"line":46,"column":32}},"loc":{"start":{"line":46,"column":65},"end":{"line":48,"column":null}},"line":46},"1":{"name":"createConfig","decl":{"start":{"line":51,"column":22},"end":{"line":51,"column":35}},"loc":{"start":{"line":51,"column":80},"end":{"line":53,"column":null}},"line":51},"2":{"name":"updateConfig","decl":{"start":{"line":56,"column":22},"end":{"line":56,"column":35}},"loc":{"start":{"line":56,"column":94},"end":{"line":58,"column":null}},"line":56},"3":{"name":"deleteConfig","decl":{"start":{"line":61,"column":22},"end":{"line":61,"column":35}},"loc":{"start":{"line":61,"column":64},"end":{"line":62,"column":null}},"line":61},"4":{"name":"watchConfigs","decl":{"start":{"line":65,"column":16},"end":{"line":65,"column":29}},"loc":{"start":{"line":65,"column":74},"end":{"line":67,"column":null}},"line":65}},"branchMap":{},"s":{"0":0,"1":0,"2":0,"3":0,"4":0,"5":0,"6":0,"7":0,"8":0,"9":0},"f":{"0":0,"1":0,"2":0,"3":0,"4":0},"b":{},"meta":{"lastBranch":0,"lastFunction":5,"lastStatement":10,"seen":{"s:41:12:44:2":0,"f:46:22:46:32":0,"s:47:14:47:48":1,"s:48:2:48:Infinity":2,"f:51:22:51:35":1,"s:52:14:52:44":3,"s:53:2:53:Infinity":4,"f:56:22:56:35":2,"s:57:14:57:51":5,"s:58:2:58:Infinity":6,"f:61:22:61:35":3,"s:62:2:62:Infinity":7,"f:65:16:65:29":4,"s:66:14:66:Infinity":8,"s:67:2:67:Infinity":9}}}
,"/Users/leezesi/Documents/code/usmp/frontend/src/api/index.ts": {"path":"/Users/leezesi/Documents/code/usmp/frontend/src/api/index.ts","statementMap":{"0":{"start":{"line":5,"column":17},"end":{"line":5,"column":null}},"1":{"start":{"line":7,"column":12},"end":{"line":10,"column":null}},"2":{"start":{"line":13,"column":13},"end":{"line":14,"column":null}},"3":{"start":{"line":14,"column":2},"end":{"line":14,"column":null}},"4":{"start":{"line":17,"column":13},"end":{"line":18,"column":null}},"5":{"start":{"line":18,"column":2},"end":{"line":18,"column":null}},"6":{"start":{"line":22,"column":13},"end":{"line":27,"column":null}},"7":{"start":{"line":24,"column":20},"end":{"line":24,"column":null}},"8":{"start":{"line":25,"column":2},"end":{"line":27,"column":null}},"9":{"start":{"line":30,"column":13},"end":{"line":32,"column":null}},"10":{"start":{"line":31,"column":20},"end":{"line":31,"column":null}},"11":{"start":{"line":32,"column":2},"end":{"line":32,"column":null}},"12":{"start":{"line":36,"column":13},"end":{"line":37,"column":null}},"13":{"start":{"line":37,"column":2},"end":{"line":37,"column":null}}},"fnMap":{"0":{"name":"(anonymous_0)","decl":{"start":{"line":13,"column":13},"end":{"line":13,"column":33}},"loc":{"start":{"line":13,"column":33},"end":{"line":14,"column":null}},"line":13},"1":{"name":"(anonymous_1)","decl":{"start":{"line":17,"column":13},"end":{"line":17,"column":32}},"loc":{"start":{"line":17,"column":47},"end":{"line":18,"column":null}},"line":17},"2":{"name":"(anonymous_2)","decl":{"start":{"line":22,"column":13},"end":{"line":22,"column":26}},"loc":{"start":{"line":22,"column":77},"end":{"line":27,"column":null}},"line":22},"3":{"name":"(anonymous_3)","decl":{"start":{"line":30,"column":13},"end":{"line":30,"column":26}},"loc":{"start":{"line":30,"column":66},"end":{"line":32,"column":null}},"line":30},"4":{"name":"(anonymous_4)","decl":{"start":{"line":36,"column":13},"end":{"line":36,"column":26}},"loc":{"start":{"line":36,"column":43},"end":{"line":37,"column":null}},"line":36}},"branchMap":{"0":{"loc":{"start":{"line":5,"column":17},"end":{"line":5,"column":null}},"type":"binary-expr","locations":[{"start":{"line":5,"column":17},"end":{"line":5,"column":49}},{"start":{"line":5,"column":49},"end":{"line":5,"column":null}}],"line":5},"1":{"loc":{"start":{"line":22,"column":52},"end":{"line":22,"column":77}},"type":"default-arg","locations":[{"start":{"line":22,"column":67},"end":{"line":22,"column":77}}],"line":22},"2":{"loc":{"start":{"line":24,"column":20},"end":{"line":24,"column":null}},"type":"cond-expr","locations":[{"start":{"line":24,"column":43},"end":{"line":24,"column":56}},{"start":{"line":24,"column":59},"end":{"line":24,"column":null}}],"line":24},"3":{"loc":{"start":{"line":31,"column":20},"end":{"line":31,"column":null}},"type":"cond-expr","locations":[{"start":{"line":31,"column":43},"end":{"line":31,"column":56}},{"start":{"line":31,"column":59},"end":{"line":31,"column":null}}],"line":31}},"s":{"0":0,"1":0,"2":0,"3":0,"4":0,"5":0,"6":0,"7":0,"8":0,"9":0,"10":0,"11":0,"12":0,"13":0},"f":{"0":0,"1":0,"2":0,"3":0,"4":0},"b":{"0":[0,0],"1":[0],"2":[0,0],"3":[0,0]},"meta":{"lastBranch":4,"lastFunction":5,"lastStatement":14,"seen":{"s:5:17:5:Infinity":0,"b:5:17:5:49:5:49:5:Infinity":0,"s:7:12:10:Infinity":1,"s:13:13:14:Infinity":2,"f:13:13:13:33":0,"s:14:2:14:Infinity":3,"s:17:13:18:Infinity":4,"f:17:13:17:32":1,"s:18:2:18:Infinity":5,"s:22:13:27:Infinity":6,"f:22:13:22:26":2,"b:22:67:22:77":1,"s:24:20:24:Infinity":7,"b:24:43:24:56:24:59:24:Infinity":2,"s:25:2:27:Infinity":8,"s:30:13:32:Infinity":9,"f:30:13:30:26":3,"s:31:20:31:Infinity":10,"b:31:43:31:56:31:59:31:Infinity":3,"s:32:2:32:Infinity":11,"s:36:13:37:Infinity":12,"f:36:13:36:26":4,"s:37:2:37:Infinity":13}}}
,"/Users/leezesi/Documents/code/usmp/frontend/src/api/logs.ts": {"path":"/Users/leezesi/Documents/code/usmp/frontend/src/api/logs.ts","statementMap":{"0":{"start":{"line":22,"column":12},"end":{"line":25,"column":2}},"1":{"start":{"line":28,"column":14},"end":{"line":28,"column":43}},"2":{"start":{"line":29,"column":2},"end":{"line":29,"column":null}}},"fnMap":{"0":{"name":"getLogs","decl":{"start":{"line":27,"column":22},"end":{"line":27,"column":30}},"loc":{"start":{"line":27,"column":100},"end":{"line":29,"column":null}},"line":27}},"branchMap":{"0":{"loc":{"start":{"line":27,"column":30},"end":{"line":27,"column":57}},"type":"default-arg","locations":[{"start":{"line":27,"column":55},"end":{"line":27,"column":57}}],"line":27}},"s":{"0":1,"1":2,"2":0},"f":{"0":2},"b":{"0":[2]},"meta":{"lastBranch":1,"lastFunction":1,"lastStatement":3,"seen":{"s:22:12:25:2":0,"f:27:22:27:30":0,"b:27:55:27:57":0,"s:28:14:28:43":1,"s:29:2:29:Infinity":2}}}
,"/Users/leezesi/Documents/code/usmp/frontend/src/components/Dashboard.vue": {"path":"/Users/leezesi/Documents/code/usmp/frontend/src/components/Dashboard.vue","statementMap":{"0":{"start":{"line":81,"column":13},"end":{"line":81,"column":null}},"1":{"start":{"line":85,"column":6},"end":{"line":85,"column":null}},"2":{"start":{"line":87,"column":6},"end":{"line":87,"column":null}},"3":{"start":{"line":87,"column":36},"end":{"line":87,"column":56}},"4":{"start":{"line":88,"column":6},"end":{"line":88,"column":null}},"5":{"start":{"line":88,"column":37},"end":{"line":88,"column":57}},"6":{"start":{"line":89,"column":6},"end":{"line":89,"column":null}},"7":{"start":{"line":89,"column":34},"end":{"line":89,"column":58}},"8":{"start":{"line":90,"column":6},"end":{"line":90,"column":null}},"9":{"start":{"line":90,"column":39},"end":{"line":90,"column":64}},"10":{"start":{"line":92,"column":20},"end":{"line":101,"column":null}},"11":{"start":{"line":93,"column":2},"end":{"line":100,"column":null}},"12":{"start":{"line":94,"column":16},"end":{"line":94,"column":null}},"13":{"start":{"line":95,"column":4},"end":{"line":97,"column":null}},"14":{"start":{"line":96,"column":6},"end":{"line":96,"column":null}},"15":{"start":{"line":99,"column":4},"end":{"line":99,"column":null}},"16":{"start":{"line":103,"column":19},"end":{"line":105,"column":null}},"17":{"start":{"line":104,"column":2},"end":{"line":104,"column":null}},"18":{"start":{"line":107,"column":0},"end":{"line":109,"column":null}},"19":{"start":{"line":108,"column":2},"end":{"line":108,"column":null}},"20":{"start":{"line":2,"column":7},"end":{"line":2,"column":null}},"21":{"start":{"line":4,"column":9},"end":{"line":4,"column":null}},"22":{"start":{"line":5,"column":11},"end":{"line":5,"column":null}},"23":{"start":{"line":6,"column":13},"end":{"line":6,"column":35}},"24":{"start":{"line":9,"column":11},"end":{"line":9,"column":null}},"25":{"start":{"line":10,"column":13},"end":{"line":10,"column":55}},"26":{"start":{"line":13,"column":11},"end":{"line":13,"column":null}},"27":{"start":{"line":14,"column":13},"end":{"line":14,"column":52}},"28":{"start":{"line":17,"column":11},"end":{"line":17,"column":null}},"29":{"start":{"line":18,"column":13},"end":{"line":18,"column":55}},"30":{"start":{"line":24,"column":9},"end":{"line":24,"column":null}},"31":{"start":{"line":25,"column":11},"end":{"line":25,"column":null}},"32":{"start":{"line":29,"column":11},"end":{"line":29,"column":null}},"33":{"start":{"line":37,"column":20},"end":{"line":37,"column":41}},"34":{"start":{"line":42,"column":20},"end":{"line":42,"column":46}},"35":{"start":{"line":55,"column":20},"end":{"line":55,"column":46}},"36":{"start":{"line":2,"column":2},"end":{"line":67,"column":26}},"37":{"start":{"line":27,"column":55},"end":{"line":27,"column":67}},"38":{"start":{"line":39,"column":28},"end":{"line":67,"column":26}},"39":{"start":{"line":36,"column":37},"end":{"line":37,"column":57}},"40":{"start":{"line":41,"column":37},"end":{"line":42,"column":64}},"41":{"start":{"line":50,"column":20},"end":{"line":50,"column":20}},"42":{"start":{"line":54,"column":37},"end":{"line":55,"column":68}},"43":{"start":{"line":59,"column":37},"end":{"line":67,"column":26}},"44":{"start":{"line":64,"column":24},"end":{"line":64,"column":null}},"45":{"start":{"line":67,"column":14},"end":{"line":67,"column":26}}},"fnMap":{"0":{"name":"(anonymous_0)","decl":{"start":{"line":87,"column":30},"end":{"line":87,"column":36}},"loc":{"start":{"line":87,"column":36},"end":{"line":87,"column":56}},"line":87},"1":{"name":"(anonymous_1)","decl":{"start":{"line":88,"column":31},"end":{"line":88,"column":37}},"loc":{"start":{"line":88,"column":37},"end":{"line":88,"column":57}},"line":88},"2":{"name":"(anonymous_2)","decl":{"start":{"line":89,"column":28},"end":{"line":89,"column":34}},"loc":{"start":{"line":89,"column":34},"end":{"line":89,"column":58}},"line":89},"3":{"name":"(anonymous_3)","decl":{"start":{"line":90,"column":33},"end":{"line":90,"column":39}},"loc":{"start":{"line":90,"column":39},"end":{"line":90,"column":64}},"line":90},"4":{"name":"(anonymous_4)","decl":{"start":{"line":92,"column":20},"end":{"line":92,"column":32}},"loc":{"start":{"line":92,"column":32},"end":{"line":101,"column":null}},"line":92},"5":{"name":"(anonymous_5)","decl":{"start":{"line":103,"column":19},"end":{"line":103,"column":20}},"loc":{"start":{"line":103,"column":43},"end":{"line":105,"column":null}},"line":103},"6":{"name":"(anonymous_6)","decl":{"start":{"line":107,"column":10},"end":{"line":107,"column":16}},"loc":{"start":{"line":107,"column":16},"end":{"line":109,"column":1}},"line":107},"7":{"name":"(anonymous_7)","decl":{"start":{"line":27,"column":53},"end":{"line":27,"column":55}},"loc":{"start":{"line":27,"column":55},"end":{"line":27,"column":67}},"line":27},"8":{"name":"(anonymous_8)","decl":{"start":{"line":35,"column":10},"end":{"line":35,"column":27}},"loc":{"start":{"line":39,"column":28},"end":{"line":67,"column":26}},"line":39},"9":{"name":"(anonymous_9)","decl":{"start":{"line":37,"column":14},"end":{"line":37,"column":20}},"loc":{"start":{"line":36,"column":37},"end":{"line":37,"column":57}},"line":36},"10":{"name":"(anonymous_10)","decl":{"start":{"line":42,"column":14},"end":{"line":42,"column":20}},"loc":{"start":{"line":41,"column":37},"end":{"line":42,"column":64}},"line":41},"11":{"name":"(anonymous_11)","decl":{"start":{"line":47,"column":14},"end":{"line":47,"column":19}},"loc":{"start":{"line":50,"column":20},"end":{"line":50,"column":20}},"line":50},"12":{"name":"(anonymous_12)","decl":{"start":{"line":55,"column":14},"end":{"line":55,"column":20}},"loc":{"start":{"line":54,"column":37},"end":{"line":55,"column":68}},"line":54},"13":{"name":"(anonymous_13)","decl":{"start":{"line":60,"column":14},"end":{"line":60,"column":null}},"loc":{"start":{"line":59,"column":37},"end":{"line":67,"column":26}},"line":59},"14":{"name":"(anonymous_14)","decl":{"start":{"line":64,"column":22},"end":{"line":64,"column":24}},"loc":{"start":{"line":64,"column":24},"end":{"line":64,"column":null}},"line":64},"15":{"name":"(anonymous_15)","decl":{"start":{"line":65,"column":15},"end":{"line":65,"column":null}},"loc":{"start":{"line":67,"column":14},"end":{"line":67,"column":26}},"line":67}},"branchMap":{"0":{"loc":{"start":{"line":95,"column":4},"end":{"line":97,"column":null}},"type":"if","locations":[{"start":{"line":95,"column":4},"end":{"line":97,"column":null}},{"start":{},"end":{}}],"line":95},"1":{"loc":{"start":{"line":96,"column":22},"end":{"line":96,"column":null}},"type":"binary-expr","locations":[{"start":{"line":96,"column":22},"end":{"line":96,"column":47}},{"start":{"line":96,"column":47},"end":{"line":96,"column":null}}],"line":96},"2":{"loc":{"start":{"line":6,"column":47},"end":{"line":7,"column":42}},"type":"binary-expr","locations":[{"start":{"line":6,"column":47},"end":{"line":6,"column":56}},{"start":{"line":6,"column":47},"end":{"line":7,"column":42}}],"line":6},"3":{"loc":{"start":{"line":10,"column":68},"end":{"line":11,"column":42}},"type":"binary-expr","locations":[{"start":{"line":10,"column":68},"end":{"line":10,"column":77}},{"start":{"line":10,"column":68},"end":{"line":11,"column":42}}],"line":10},"4":{"loc":{"start":{"line":14,"column":62},"end":{"line":15,"column":45}},"type":"binary-expr","locations":[{"start":{"line":14,"column":62},"end":{"line":14,"column":71}},{"start":{"line":14,"column":62},"end":{"line":15,"column":45}}],"line":14},"5":{"loc":{"start":{"line":18,"column":70},"end":{"line":19,"column":42}},"type":"binary-expr","locations":[{"start":{"line":18,"column":70},"end":{"line":18,"column":79}},{"start":{"line":18,"column":70},"end":{"line":19,"column":42}}],"line":18},"6":{"loc":{"start":{"line":28,"column":12},"end":{"line":26,"column":42}},"type":"binary-expr","locations":[{"start":{"line":28,"column":12},"end":{"line":28,"column":null}},{"start":{"line":28,"column":12},"end":{"line":26,"column":42}}],"line":28},"7":{"loc":{"start":{"line":27,"column":55},"end":{"line":27,"column":67}},"type":"binary-expr","locations":[{"start":{"line":27,"column":55},"end":{"line":27,"column":67}},{"start":{"line":27,"column":55},"end":{"line":27,"column":67}}],"line":27},"8":{"loc":{"start":{"line":50,"column":20},"end":{"line":50,"column":20}},"type":"binary-expr","locations":[{"start":{"line":50,"column":20},"end":{"line":50,"column":null}},{"start":{"line":50,"column":20},"end":{"line":50,"column":20}}],"line":50},"9":{"loc":{"start":{"line":67,"column":14},"end":{"line":67,"column":26}},"type":"binary-expr","locations":[{"start":{"line":67,"column":14},"end":{"line":67,"column":26}},{"start":{"line":67,"column":14},"end":{"line":67,"column":26}}],"line":67}},"s":{"0":0,"1":0,"2":0,"3":0,"4":0,"5":0,"6":0,"7":0,"8":0,"9":0,"10":0,"11":0,"12":0,"13":0,"14":0,"15":0,"16":0,"17":0,"18":0,"19":0,"20":0,"21":0,"22":0,"23":0,"24":0,"25":0,"26":0,"27":0,"28":0,"29":0,"30":0,"31":0,"32":0,"33":0,"34":0,"35":0,"36":0,"37":0,"38":0,"39":0,"40":0,"41":0,"42":0,"43":0,"44":0,"45":0},"f":{"0":0,"1":0,"2":0,"3":0,"4":0,"5":0,"6":0,"7":0,"8":0,"9":0,"10":0,"11":0,"12":0,"13":0,"14":0,"15":0},"b":{"0":[0,0],"1":[0,0],"2":[0,0],"3":[0,0],"4":[0,0],"5":[0,0],"6":[0,0],"7":[0,0],"8":[0,0],"9":[0,0]},"meta":{"lastBranch":10,"lastFunction":16,"lastStatement":46,"seen":{"s:81:13:81:Infinity":0,"s:85:6:85:Infinity":1,"s:87:6:87:Infinity":2,"f:87:30:87:36":0,"s:87:36:87:56":3,"s:88:6:88:Infinity":4,"f:88:31:88:37":1,"s:88:37:88:57":5,"s:89:6:89:Infinity":6,"f:89:28:89:34":2,"s:89:34:89:58":7,"s:90:6:90:Infinity":8,"f:90:33:90:39":3,"s:90:39:90:64":9,"s:92:20:101:Infinity":10,"f:92:20:92:32":4,"s:93:2:100:Infinity":11,"s:94:16:94:Infinity":12,"b:95:4:97:Infinity:undefined:undefined:undefined:undefined":0,"s:95:4:97:Infinity":13,"s:96:6:96:Infinity":14,"b:96:22:96:47:96:47:96:Infinity":1,"s:99:4:99:Infinity":15,"s:103:19:105:Infinity":16,"f:103:19:103:20":5,"s:104:2:104:Infinity":17,"s:107:0:109:Infinity":18,"f:107:10:107:16":6,"s:108:2:108:Infinity":19,"s:2:7:2:Infinity":20,"s:4:9:4:Infinity":21,"s:5:11:5:Infinity":22,"s:6:13:6:35":23,"s:9:11:9:Infinity":24,"s:10:13:10:55":25,"s:13:11:13:Infinity":26,"s:14:13:14:52":27,"s:17:11:17:Infinity":28,"s:18:13:18:55":29,"s:24:9:24:Infinity":30,"s:25:11:25:Infinity":31,"s:29:11:29:Infinity":32,"s:37:20:37:41":33,"s:42:20:42:46":34,"s:55:20:55:46":35,"s:2:2:67:26":36,"b:6:47:6:56:6:47:7:42":2,"b:10:68:10:77:10:68:11:42":3,"b:14:62:14:71:14:62:15:45":4,"b:18:70:18:79:18:70:19:42":5,"b:28:12:28:Infinity:28:12:26:42":6,"f:27:53:27:55":7,"s:27:55:27:67":37,"b:27:55:27:67:27:55:27:67":7,"f:35:10:35:27":8,"s:39:28:67:26":38,"f:37:14:37:20":9,"s:36:37:37:57":39,"f:42:14:42:20":10,"s:41:37:42:64":40,"f:47:14:47:19":11,"s:50:20:50:20":41,"b:50:20:50:Infinity:50:20:50:20":8,"f:55:14:55:20":12,"s:54:37:55:68":42,"f:60:14:60:Infinity":13,"s:59:37:67:26":43,"f:64:22:64:24":14,"s:64:24:64:Infinity":44,"f:65:15:65:Infinity":15,"s:67:14:67:26":45,"b:67:14:67:26:67:14:67:26":9}}}
,"/Users/leezesi/Documents/code/usmp/frontend/src/components/DeviceTree.vue": {"path":"/Users/leezesi/Documents/code/usmp/frontend/src/components/DeviceTree.vue","statementMap":{"0":{"start":{"line":33,"column":14},"end":{"line":36,"column":null}},"1":{"start":{"line":47,"column":6},"end":{"line":47,"column":null}},"2":{"start":{"line":48,"column":6},"end":{"line":77,"column":null}},"3":{"start":{"line":49,"column":2},"end":{"line":76,"column":null}},"4":{"start":{"line":49,"column":38},"end":{"line":76,"column":4}},"5":{"start":{"line":79,"column":13},"end":{"line":79,"column":null}},"6":{"start":{"line":83,"column":24},"end":{"line":87,"column":null}},"7":{"start":{"line":84,"column":2},"end":{"line":86,"column":null}},"8":{"start":{"line":85,"column":4},"end":{"line":85,"column":null}},"9":{"start":{"line":89,"column":23},"end":{"line":98,"column":null}},"10":{"start":{"line":90,"column":2},"end":{"line":97,"column":null}},"11":{"start":{"line":91,"column":16},"end":{"line":91,"column":null}},"12":{"start":{"line":92,"column":4},"end":{"line":94,"column":null}},"13":{"start":{"line":93,"column":6},"end":{"line":93,"column":null}},"14":{"start":{"line":96,"column":4},"end":{"line":96,"column":null}},"15":{"start":{"line":100,"column":0},"end":{"line":102,"column":null}},"16":{"start":{"line":101,"column":2},"end":{"line":101,"column":null}},"17":{"start":{"line":2,"column":7},"end":{"line":2,"column":null}},"18":{"start":{"line":13,"column":13},"end":{"line":13,"column":null}},"19":{"start":{"line":16,"column":16},"end":{"line":16,"column":38}},"20":{"start":{"line":20,"column":9},"end":{"line":20,"column":null}},"21":{"start":{"line":2,"column":2},"end":{"line":23,"column":18}},"22":{"start":{"line":12,"column":38},"end":{"line":16,"column":58}},"23":{"start":{"line":23,"column":6},"end":{"line":23,"column":18}}},"fnMap":{"0":{"name":"(anonymous_0)","decl":{"start":{"line":48,"column":26},"end":{"line":48,"column":32}},"loc":{"start":{"line":48,"column":32},"end":{"line":77,"column":1}},"line":48},"1":{"name":"(anonymous_1)","decl":{"start":{"line":49,"column":27},"end":{"line":49,"column":38}},"loc":{"start":{"line":49,"column":38},"end":{"line":76,"column":4}},"line":49},"2":{"name":"(anonymous_2)","decl":{"start":{"line":83,"column":24},"end":{"line":83,"column":25}},"loc":{"start":{"line":83,"column":44},"end":{"line":87,"column":null}},"line":83},"3":{"name":"(anonymous_3)","decl":{"start":{"line":89,"column":23},"end":{"line":89,"column":35}},"loc":{"start":{"line":89,"column":35},"end":{"line":98,"column":null}},"line":89},"4":{"name":"(anonymous_4)","decl":{"start":{"line":100,"column":10},"end":{"line":100,"column":16}},"loc":{"start":{"line":100,"column":16},"end":{"line":102,"column":1}},"line":100},"5":{"name":"(anonymous_5)","decl":{"start":{"line":13,"column":8},"end":{"line":13,"column":13}},"loc":{"start":{"line":12,"column":38},"end":{"line":16,"column":58}},"line":12},"6":{"name":"(anonymous_6)","decl":{"start":{"line":21,"column":74},"end":{"line":21,"column":null}},"loc":{"start":{"line":23,"column":6},"end":{"line":23,"column":18}},"line":23}},"branchMap":{"0":{"loc":{"start":{"line":84,"column":2},"end":{"line":86,"column":null}},"type":"if","locations":[{"start":{"line":84,"column":2},"end":{"line":86,"column":null}},{"start":{},"end":{}}],"line":84},"1":{"loc":{"start":{"line":84,"column":6},"end":{"line":84,"column":36}},"type":"binary-expr","locations":[{"start":{"line":84,"column":6},"end":{"line":84,"column":23}},{"start":{"line":84,"column":23},"end":{"line":84,"column":36}}],"line":84},"2":{"loc":{"start":{"line":85,"column":54},"end":{"line":85,"column":81}},"type":"binary-expr","locations":[{"start":{"line":85,"column":54},"end":{"line":85,"column":71}},{"start":{"line":85,"column":71},"end":{"line":85,"column":81}}],"line":85},"3":{"loc":{"start":{"line":92,"column":4},"end":{"line":94,"column":null}},"type":"if","locations":[{"start":{"line":92,"column":4},"end":{"line":94,"column":null}},{"start":{},"end":{}}],"line":92},"4":{"loc":{"start":{"line":93,"column":22},"end":{"line":93,"column":null}},"type":"binary-expr","locations":[{"start":{"line":93,"column":22},"end":{"line":93,"column":47}},{"start":{"line":93,"column":47},"end":{"line":93,"column":null}}],"line":93},"5":{"loc":{"start":{"line":14,"column":22},"end":{"line":14,"column":null}},"type":"cond-expr","locations":[{"start":{"line":14,"column":43},"end":{"line":14,"column":null}},{"start":{"line":14,"column":111},"end":{"line":14,"column":null}}],"line":14},"6":{"loc":{"start":{"line":14,"column":22},"end":{"line":14,"column":53}},"type":"binary-expr","locations":[{"start":{"line":14,"column":22},"end":{"line":14,"column":33}},{"start":{"line":14,"column":33},"end":{"line":14,"column":53}}],"line":14},"7":{"loc":{"start":{"line":15,"column":22},"end":{"line":15,"column":null}},"type":"cond-expr","locations":[{"start":{"line":15,"column":27},"end":{"line":15,"column":null}},{"start":{"line":15,"column":64},"end":{"line":15,"column":null}}],"line":15},"8":{"loc":{"start":{"line":23,"column":6},"end":{"line":23,"column":18}},"type":"binary-expr","locations":[{"start":{"line":23,"column":6},"end":{"line":23,"column":18}},{"start":{"line":23,"column":6},"end":{"line":23,"column":18}}],"line":23}},"s":{"0":0,"1":0,"2":0,"3":0,"4":0,"5":0,"6":0,"7":0,"8":0,"9":0,"10":0,"11":0,"12":0,"13":0,"14":0,"15":0,"16":0,"17":0,"18":0,"19":0,"20":0,"21":0,"22":0,"23":0},"f":{"0":0,"1":0,"2":0,"3":0,"4":0,"5":0,"6":0},"b":{"0":[0,0],"1":[0,0],"2":[0,0],"3":[0,0],"4":[0,0],"5":[0,0],"6":[0,0],"7":[0,0],"8":[0,0]},"meta":{"lastBranch":9,"lastFunction":7,"lastStatement":24,"seen":{"s:33:14:36:Infinity":0,"s:47:6:47:Infinity":1,"s:48:6:77:Infinity":2,"f:48:26:48:32":0,"s:49:2:76:Infinity":3,"f:49:27:49:38":1,"s:49:38:76:4":4,"s:79:13:79:Infinity":5,"s:83:24:87:Infinity":6,"f:83:24:83:25":2,"b:84:2:86:Infinity:undefined:undefined:undefined:undefined":0,"s:84:2:86:Infinity":7,"b:84:6:84:23:84:23:84:36":1,"s:85:4:85:Infinity":8,"b:85:54:85:71:85:71:85:81":2,"s:89:23:98:Infinity":9,"f:89:23:89:35":3,"s:90:2:97:Infinity":10,"s:91:16:91:Infinity":11,"b:92:4:94:Infinity:undefined:undefined:undefined:undefined":3,"s:92:4:94:Infinity":12,"s:93:6:93:Infinity":13,"b:93:22:93:47:93:47:93:Infinity":4,"s:96:4:96:Infinity":14,"s:100:0:102:Infinity":15,"f:100:10:100:16":4,"s:101:2:101:Infinity":16,"s:2:7:2:Infinity":17,"s:13:13:13:Infinity":18,"s:16:16:16:38":19,"s:20:9:20:Infinity":20,"s:2:2:23:18":21,"f:13:8:13:13":5,"s:12:38:16:58":22,"b:14:43:14:Infinity:14:111:14:Infinity":5,"b:14:22:14:33:14:33:14:53":6,"b:15:27:15:Infinity:15:64:15:Infinity":7,"f:21:74:21:Infinity":6,"s:23:6:23:18":23,"b:23:6:23:18:23:6:23:18":8}}}
,"/Users/leezesi/Documents/code/usmp/frontend/src/components/DynamicForm.vue": {"path":"/Users/leezesi/Documents/code/usmp/frontend/src/components/DynamicForm.vue","statementMap":{"0":{"start":{"line":64,"column":14},"end":{"line":64,"column":null}},"1":{"start":{"line":66,"column":6},"end":{"line":66,"column":null}},"2":{"start":{"line":67,"column":6},"end":{"line":67,"column":null}},"3":{"start":{"line":68,"column":6},"end":{"line":68,"column":null}},"4":{"start":{"line":69,"column":6},"end":{"line":69,"column":null}},"5":{"start":{"line":70,"column":6},"end":{"line":70,"column":null}},"6":{"start":{"line":71,"column":6},"end":{"line":71,"column":null}},"7":{"start":{"line":73,"column":21},"end":{"line":75,"column":null}},"8":{"start":{"line":74,"column":2},"end":{"line":74,"column":null}},"9":{"start":{"line":77,"column":19},"end":{"line":94,"column":null}},"10":{"start":{"line":78,"column":2},"end":{"line":78,"column":null}},"11":{"start":{"line":79,"column":2},"end":{"line":79,"column":null}},"12":{"start":{"line":80,"column":2},"end":{"line":80,"column":null}},"13":{"start":{"line":81,"column":2},"end":{"line":93,"column":null}},"14":{"start":{"line":82,"column":16},"end":{"line":82,"column":null}},"15":{"start":{"line":83,"column":4},"end":{"line":88,"column":null}},"16":{"start":{"line":84,"column":6},"end":{"line":84,"column":null}},"17":{"start":{"line":85,"column":6},"end":{"line":85,"column":null}},"18":{"start":{"line":87,"column":6},"end":{"line":87,"column":null}},"19":{"start":{"line":90,"column":4},"end":{"line":90,"column":null}},"20":{"start":{"line":92,"column":4},"end":{"line":92,"column":null}},"21":{"start":{"line":96,"column":22},"end":{"line":98,"column":null}},"22":{"start":{"line":97,"column":2},"end":{"line":97,"column":null}},"23":{"start":{"line":100,"column":21},"end":{"line":121,"column":null}},"24":{"start":{"line":101,"column":2},"end":{"line":101,"column":null}},"25":{"start":{"line":102,"column":2},"end":{"line":102,"column":null}},"26":{"start":{"line":103,"column":2},"end":{"line":120,"column":null}},"27":{"start":{"line":104,"column":16},"end":{"line":104,"column":null}},"28":{"start":{"line":105,"column":4},"end":{"line":108,"column":null}},"29":{"start":{"line":109,"column":4},"end":{"line":112,"column":null}},"30":{"start":{"line":111,"column":6},"end":{"line":111,"column":null}},"31":{"start":{"line":114,"column":4},"end":{"line":117,"column":null}},"32":{"start":{"line":119,"column":4},"end":{"line":119,"column":null}},"33":{"start":{"line":123,"column":0},"end":{"line":125,"column":null}},"34":{"start":{"line":123,"column":12},"end":{"line":123,"column":45}},"35":{"start":{"line":124,"column":2},"end":{"line":124,"column":null}},"36":{"start":{"line":127,"column":0},"end":{"line":129,"column":null}},"37":{"start":{"line":128,"column":2},"end":{"line":128,"column":null}},"38":{"start":{"line":2,"column":7},"end":{"line":2,"column":null}},"39":{"start":{"line":2,"column":2},"end":{"line":51,"column":61}},"40":{"start":{"line":24,"column":116},"end":{"line":46,"column":null}},"41":{"start":{"line":31,"column":10},"end":{"line":30,"column":null}},"42":{"start":{"line":27,"column":19},"end":{"line":27,"column":null}},"43":{"start":{"line":37,"column":20},"end":{"line":40,"column":20}},"44":{"start":{"line":37,"column":8},"end":{"line":37,"column":20}},"45":{"start":{"line":40,"column":8},"end":{"line":40,"column":20}}},"fnMap":{"0":{"name":"(anonymous_0)","decl":{"start":{"line":73,"column":30},"end":{"line":73,"column":36}},"loc":{"start":{"line":73,"column":36},"end":{"line":75,"column":1}},"line":73},"1":{"name":"(anonymous_1)","decl":{"start":{"line":77,"column":19},"end":{"line":77,"column":26}},"loc":{"start":{"line":77,"column":51},"end":{"line":94,"column":null}},"line":77},"2":{"name":"(anonymous_2)","decl":{"start":{"line":96,"column":22},"end":{"line":96,"column":28}},"loc":{"start":{"line":96,"column":28},"end":{"line":98,"column":null}},"line":96},"3":{"name":"(anonymous_3)","decl":{"start":{"line":100,"column":21},"end":{"line":100,"column":33}},"loc":{"start":{"line":100,"column":33},"end":{"line":121,"column":null}},"line":100},"4":{"name":"(anonymous_4)","decl":{"start":{"line":123,"column":6},"end":{"line":123,"column":12}},"loc":{"start":{"line":123,"column":12},"end":{"line":123,"column":45}},"line":123},"5":{"name":"(anonymous_5)","decl":{"start":{"line":123,"column":45},"end":{"line":123,"column":51}},"loc":{"start":{"line":123,"column":51},"end":{"line":125,"column":1}},"line":123},"6":{"name":"(anonymous_6)","decl":{"start":{"line":127,"column":10},"end":{"line":127,"column":16}},"loc":{"start":{"line":127,"column":16},"end":{"line":129,"column":1}},"line":127},"7":{"name":"(anonymous_7)","decl":{"start":{"line":24,"column":6},"end":{"line":24,"column":116}},"loc":{"start":{"line":24,"column":116},"end":{"line":46,"column":null}},"line":24},"8":{"name":"(anonymous_8)","decl":{"start":{"line":26,"column":8},"end":{"line":26,"column":null}},"loc":{"start":{"line":31,"column":10},"end":{"line":30,"column":null}},"line":31},"9":{"name":"(anonymous_9)","decl":{"start":{"line":27,"column":19},"end":{"line":27,"column":31}},"loc":{"start":{"line":27,"column":19},"end":{"line":27,"column":null}},"line":27},"10":{"name":"(anonymous_10)","decl":{"start":{"line":35,"column":8},"end":{"line":35,"column":19}},"loc":{"start":{"line":37,"column":20},"end":{"line":40,"column":20}},"line":37},"11":{"name":"(anonymous_11)","decl":{"start":{"line":35,"column":78},"end":{"line":35,"column":null}},"loc":{"start":{"line":37,"column":8},"end":{"line":37,"column":20}},"line":37},"12":{"name":"(anonymous_12)","decl":{"start":{"line":38,"column":42},"end":{"line":38,"column":null}},"loc":{"start":{"line":40,"column":8},"end":{"line":40,"column":20}},"line":40}},"branchMap":{"0":{"loc":{"start":{"line":77,"column":26},"end":{"line":77,"column":51}},"type":"default-arg","locations":[{"start":{"line":77,"column":41},"end":{"line":77,"column":51}}],"line":77},"1":{"loc":{"start":{"line":83,"column":4},"end":{"line":88,"column":null}},"type":"if","locations":[{"start":{"line":83,"column":4},"end":{"line":88,"column":null}},{"start":{"line":86,"column":11},"end":{"line":88,"column":null}}],"line":83},"2":{"loc":{"start":{"line":90,"column":18},"end":{"line":90,"column":null}},"type":"binary-expr","locations":[{"start":{"line":90,"column":18},"end":{"line":90,"column":33}},{"start":{"line":90,"column":33},"end":{"line":90,"column":null}}],"line":90},"3":{"loc":{"start":{"line":109,"column":4},"end":{"line":112,"column":null}},"type":"if","locations":[{"start":{"line":109,"column":4},"end":{"line":112,"column":null}},{"start":{},"end":{}}],"line":109},"4":{"loc":{"start":{"line":116,"column":15},"end":{"line":116,"column":null}},"type":"binary-expr","locations":[{"start":{"line":116,"column":15},"end":{"line":116,"column":30}},{"start":{"line":116,"column":30},"end":{"line":116,"column":null}}],"line":116},"5":{"loc":{"start":{"line":4,"column":12},"end":{"line":8,"column":null}},"type":"cond-expr","locations":[{"start":{"line":4,"column":12},"end":{"line":8,"column":null}},{"start":{"line":8,"column":6},"end":{"line":8,"column":null}}],"line":4},"6":{"loc":{"start":{"line":12,"column":12},"end":{"line":51,"column":61}},"type":"cond-expr","locations":[{"start":{"line":12,"column":12},"end":{"line":15,"column":null}},{"start":{"line":19,"column":17},"end":{"line":51,"column":61}}],"line":12},"7":{"loc":{"start":{"line":19,"column":17},"end":{"line":51,"column":61}},"type":"cond-expr","locations":[{"start":{"line":19,"column":17},"end":{"line":51,"column":21}},{"start":{"line":51,"column":4},"end":{"line":51,"column":61}}],"line":19},"8":{"loc":{"start":{"line":27,"column":19},"end":{"line":27,"column":null}},"type":"binary-expr","locations":[{"start":{"line":27,"column":19},"end":{"line":27,"column":31}},{"start":{"line":27,"column":19},"end":{"line":27,"column":null}}],"line":27},"9":{"loc":{"start":{"line":37,"column":8},"end":{"line":37,"column":20}},"type":"binary-expr","locations":[{"start":{"line":37,"column":8},"end":{"line":37,"column":20}},{"start":{"line":37,"column":8},"end":{"line":37,"column":20}}],"line":37},"10":{"loc":{"start":{"line":40,"column":8},"end":{"line":40,"column":20}},"type":"binary-expr","locations":[{"start":{"line":40,"column":8},"end":{"line":40,"column":20}},{"start":{"line":40,"column":8},"end":{"line":40,"column":20}}],"line":40},"11":{"loc":{"start":{"line":43,"column":17},"end":{"line":46,"column":null}},"type":"cond-expr","locations":[{"start":{"line":43,"column":17},"end":{"line":46,"column":null}}],"line":43},"12":{"loc":{"start":{"line":46,"column":17},"end":{"line":46,"column":null}},"type":"cond-expr","locations":[{"start":{"line":46,"column":35},"end":{"line":46,"column":null}},{"start":{"line":46,"column":35},"end":{"line":46,"column":null}}],"line":46}},"s":{"0":0,"1":0,"2":0,"3":0,"4":0,"5":0,"6":0,"7":0,"8":0,"9":0,"10":0,"11":0,"12":0,"13":0,"14":0,"15":0,"16":0,"17":0,"18":0,"19":0,"20":0,"21":0,"22":0,"23":0,"24":0,"25":0,"26":0,"27":0,"28":0,"29":0,"30":0,"31":0,"32":0,"33":0,"34":0,"35":0,"36":0,"37":0,"38":0,"39":0,"40":0,"41":0,"42":0,"43":0,"44":0,"45":0},"f":{"0":0,"1":0,"2":0,"3":0,"4":0,"5":0,"6":0,"7":0,"8":0,"9":0,"10":0,"11":0,"12":0},"b":{"0":[0],"1":[0,0],"2":[0,0],"3":[0,0],"4":[0,0],"5":[0,0],"6":[0,0],"7":[0,0],"8":[0,0],"9":[0,0],"10":[0,0],"11":[0],"12":[0,0]},"meta":{"lastBranch":13,"lastFunction":13,"lastStatement":46,"seen":{"s:64:14:64:Infinity":0,"s:66:6:66:Infinity":1,"s:67:6:67:Infinity":2,"s:68:6:68:Infinity":3,"s:69:6:69:Infinity":4,"s:70:6:70:Infinity":5,"s:71:6:71:Infinity":6,"s:73:21:75:Infinity":7,"f:73:30:73:36":0,"s:74:2:74:Infinity":8,"s:77:19:94:Infinity":9,"f:77:19:77:26":1,"b:77:41:77:51":0,"s:78:2:78:Infinity":10,"s:79:2:79:Infinity":11,"s:80:2:80:Infinity":12,"s:81:2:93:Infinity":13,"s:82:16:82:Infinity":14,"b:83:4:88:Infinity:86:11:88:Infinity":1,"s:83:4:88:Infinity":15,"s:84:6:84:Infinity":16,"s:85:6:85:Infinity":17,"s:87:6:87:Infinity":18,"s:90:4:90:Infinity":19,"b:90:18:90:33:90:33:90:Infinity":2,"s:92:4:92:Infinity":20,"s:96:22:98:Infinity":21,"f:96:22:96:28":2,"s:97:2:97:Infinity":22,"s:100:21:121:Infinity":23,"f:100:21:100:33":3,"s:101:2:101:Infinity":24,"s:102:2:102:Infinity":25,"s:103:2:120:Infinity":26,"s:104:16:104:Infinity":27,"s:105:4:108:Infinity":28,"b:109:4:112:Infinity:undefined:undefined:undefined:undefined":3,"s:109:4:112:Infinity":29,"s:111:6:111:Infinity":30,"s:114:4:117:Infinity":31,"b:116:15:116:30:116:30:116:Infinity":4,"s:119:4:119:Infinity":32,"s:123:0:125:Infinity":33,"f:123:6:123:12":4,"s:123:12:123:45":34,"f:123:45:123:51":5,"s:124:2:124:Infinity":35,"s:127:0:129:Infinity":36,"f:127:10:127:16":6,"s:128:2:128:Infinity":37,"s:2:7:2:Infinity":38,"s:2:2:51:61":39,"b:4:12:8:Infinity:8:6:8:Infinity":5,"b:12:12:15:Infinity:19:17:51:61":6,"b:19:17:51:21:51:4:51:61":7,"f:24:6:24:116":7,"s:24:116:46:Infinity":40,"f:26:8:26:Infinity":8,"s:31:10:30:Infinity":41,"b:27:19:27:31:27:19:27:Infinity":8,"f:27:19:27:31":9,"s:27:19:27:Infinity":42,"f:35:8:35:19":10,"s:37:20:40:20":43,"f:35:78:35:Infinity":11,"s:37:8:37:20":44,"b:37:8:37:20:37:8:37:20":9,"f:38:42:38:Infinity":12,"s:40:8:40:20":45,"b:40:8:40:20:40:8:40:20":10,"b:43:17:46:Infinity":11,"b:46:35:46:Infinity:46:35:46:Infinity":12}}}
,"/Users/leezesi/Documents/code/usmp/frontend/src/components/YangNodeRenderer.vue": {"path":"/Users/leezesi/Documents/code/usmp/frontend/src/components/YangNodeRenderer.vue","statementMap":{"0":{"start":{"line":44,"column":14},"end":{"line":44,"column":null}},"1":{"start":{"line":48,"column":13},"end":{"line":48,"column":null}},"2":{"start":{"line":52,"column":6},"end":{"line":55,"column":null}},"3":{"start":{"line":53,"column":13},"end":{"line":53,"column":null}},"4":{"start":{"line":54,"column":16},"end":{"line":54,"column":null}},"5":{"start":{"line":2,"column":7},"end":{"line":2,"column":null}},"6":{"start":{"line":2,"column":2},"end":{"line":28,"column":57}},"7":{"start":{"line":4,"column":32},"end":{"line":28,"column":57}},"8":{"start":{"line":6,"column":28},"end":{"line":6,"column":37}},"9":{"start":{"line":11,"column":28},"end":{"line":11,"column":36}},"10":{"start":{"line":13,"column":34},"end":{"line":16,"column":null}},"11":{"start":{"line":12,"column":10},"end":{"line":16,"column":null}},"12":{"start":{"line":23,"column":34},"end":{"line":23,"column":42}},"13":{"start":{"line":28,"column":27},"end":{"line":28,"column":35}}},"fnMap":{"0":{"name":"(anonymous_0)","decl":{"start":{"line":53,"column":7},"end":{"line":53,"column":13}},"loc":{"start":{"line":53,"column":13},"end":{"line":53,"column":null}},"line":53},"1":{"name":"(anonymous_1)","decl":{"start":{"line":54,"column":7},"end":{"line":54,"column":8}},"loc":{"start":{"line":54,"column":16},"end":{"line":54,"column":null}},"line":54},"2":{"name":"(anonymous_2)","decl":{"start":{"line":4,"column":6},"end":{"line":4,"column":32}},"loc":{"start":{"line":4,"column":32},"end":{"line":28,"column":57}},"line":4},"3":{"name":"(anonymous_3)","decl":{"start":{"line":6,"column":28},"end":{"line":6,"column":33}},"loc":{"start":{"line":6,"column":28},"end":{"line":6,"column":37}},"line":6},"4":{"name":"(anonymous_4)","decl":{"start":{"line":11,"column":28},"end":{"line":11,"column":33}},"loc":{"start":{"line":11,"column":28},"end":{"line":11,"column":36}},"line":11},"5":{"name":"(anonymous_5)","decl":{"start":{"line":13,"column":12},"end":{"line":13,"column":19}},"loc":{"start":{"line":13,"column":34},"end":{"line":16,"column":null}},"line":13},"6":{"name":"(anonymous_6)","decl":{"start":{"line":13,"column":33},"end":{"line":13,"column":34}},"loc":{"start":{"line":13,"column":22},"end":{"line":16,"column":null}},"line":13},"7":{"name":"(anonymous_7)","decl":{"start":{"line":23,"column":34},"end":{"line":23,"column":39}},"loc":{"start":{"line":23,"column":34},"end":{"line":23,"column":42}},"line":23},"8":{"name":"(anonymous_8)","decl":{"start":{"line":28,"column":27},"end":{"line":28,"column":32}},"loc":{"start":{"line":28,"column":27},"end":{"line":28,"column":35}},"line":28}},"branchMap":{"0":{"loc":{"start":{"line":5,"column":22},"end":{"line":28,"column":57}},"type":"cond-expr","locations":[{"start":{"line":5,"column":26},"end":{"line":6,"column":37}},{"start":{"line":10,"column":27},"end":{"line":28,"column":57}}],"line":5},"1":{"loc":{"start":{"line":6,"column":28},"end":{"line":6,"column":37}},"type":"binary-expr","locations":[{"start":{"line":6,"column":28},"end":{"line":6,"column":33}},{"start":{"line":6,"column":28},"end":{"line":6,"column":37}}],"line":6},"2":{"loc":{"start":{"line":10,"column":27},"end":{"line":28,"column":57}},"type":"cond-expr","locations":[{"start":{"line":10,"column":31},"end":{"line":22,"column":72}},{"start":{"line":22,"column":63},"end":{"line":28,"column":57}}],"line":10},"3":{"loc":{"start":{"line":11,"column":28},"end":{"line":11,"column":36}},"type":"binary-expr","locations":[{"start":{"line":11,"column":28},"end":{"line":11,"column":33}},{"start":{"line":11,"column":28},"end":{"line":11,"column":36}}],"line":11},"4":{"loc":{"start":{"line":22,"column":63},"end":{"line":28,"column":57}},"type":"cond-expr","locations":[{"start":{"line":22,"column":76},"end":{"line":27,"column":null}},{"start":{"line":27,"column":6},"end":{"line":28,"column":57}}],"line":22},"5":{"loc":{"start":{"line":23,"column":34},"end":{"line":23,"column":42}},"type":"binary-expr","locations":[{"start":{"line":23,"column":34},"end":{"line":23,"column":39}},{"start":{"line":23,"column":34},"end":{"line":23,"column":42}}],"line":23},"6":{"loc":{"start":{"line":28,"column":27},"end":{"line":28,"column":35}},"type":"binary-expr","locations":[{"start":{"line":28,"column":27},"end":{"line":28,"column":32}},{"start":{"line":28,"column":27},"end":{"line":28,"column":35}}],"line":28}},"s":{"0":0,"1":0,"2":0,"3":0,"4":0,"5":0,"6":0,"7":0,"8":0,"9":0,"10":0,"11":0,"12":0,"13":0},"f":{"0":0,"1":0,"2":0,"3":0,"4":0,"5":0,"6":0,"7":0,"8":0},"b":{"0":[0,0],"1":[0,0],"2":[0,0],"3":[0,0],"4":[0,0],"5":[0,0],"6":[0,0]},"meta":{"lastBranch":7,"lastFunction":9,"lastStatement":14,"seen":{"s:44:14:44:Infinity":0,"s:48:13:48:Infinity":1,"s:52:6:55:Infinity":2,"f:53:7:53:13":0,"s:53:13:53:Infinity":3,"f:54:7:54:8":1,"s:54:16:54:Infinity":4,"s:2:7:2:Infinity":5,"s:2:2:28:57":6,"f:4:6:4:32":2,"s:4:32:28:57":7,"b:5:26:6:37:10:27:28:57":0,"b:6:28:6:33:6:28:6:37":1,"f:6:28:6:33":3,"s:6:28:6:37":8,"b:10:31:22:72:22:63:28:57":2,"b:11:28:11:33:11:28:11:36":3,"f:11:28:11:33":4,"s:11:28:11:36":9,"f:13:12:13:19":5,"s:13:34:16:Infinity":10,"f:13:33:13:34":6,"s:12:10:16:Infinity":11,"b:22:76:27:Infinity:27:6:28:57":4,"b:23:34:23:39:23:34:23:42":5,"f:23:34:23:39":7,"s:23:34:23:42":12,"b:28:27:28:32:28:27:28:35":6,"f:28:27:28:32":8,"s:28:27:28:35":13}}}
,"/Users/leezesi/Documents/code/usmp/frontend/src/components/common/DetailDrawer.vue": {"path":"/Users/leezesi/Documents/code/usmp/frontend/src/components/common/DetailDrawer.vue","statementMap":{"0":{"start":{"line":23,"column":14},"end":{"line":23,"column":null}},"1":{"start":{"line":29,"column":13},"end":{"line":29,"column":null}},"2":{"start":{"line":35,"column":6},"end":{"line":35,"column":null}},"3":{"start":{"line":37,"column":0},"end":{"line":39,"column":null}},"4":{"start":{"line":37,"column":12},"end":{"line":37,"column":30}},"5":{"start":{"line":38,"column":2},"end":{"line":38,"column":null}},"6":{"start":{"line":41,"column":0},"end":{"line":43,"column":null}},"7":{"start":{"line":42,"column":2},"end":{"line":42,"column":null}},"8":{"start":{"line":46,"column":2},"end":{"line":46,"column":null}},"9":{"start":{"line":47,"column":2},"end":{"line":47,"column":null}},"10":{"start":{"line":51,"column":2},"end":{"line":51,"column":null}},"11":{"start":{"line":10,"column":11},"end":{"line":10,"column":null}},"12":{"start":{"line":2,"column":2},"end":{"line":8,"column":null}},"13":{"start":{"line":3,"column":13},"end":{"line":3,"column":null}},"14":{"start":{"line":15,"column":12},"end":{"line":14,"column":20}},"15":{"start":{"line":11,"column":42},"end":{"line":11,"column":54}},"16":{"start":{"line":14,"column":8},"end":{"line":14,"column":20}},"17":{"start":{"line":8,"column":12},"end":{"line":8,"column":null}}},"fnMap":{"0":{"name":"(anonymous_0)","decl":{"start":{"line":37,"column":6},"end":{"line":37,"column":12}},"loc":{"start":{"line":37,"column":12},"end":{"line":37,"column":30}},"line":37},"1":{"name":"(anonymous_1)","decl":{"start":{"line":37,"column":30},"end":{"line":37,"column":31}},"loc":{"start":{"line":37,"column":39},"end":{"line":39,"column":1}},"line":37},"2":{"name":"(anonymous_2)","decl":{"start":{"line":41,"column":15},"end":{"line":41,"column":16}},"loc":{"start":{"line":41,"column":24},"end":{"line":43,"column":1}},"line":41},"3":{"name":"handleClose","decl":{"start":{"line":45,"column":9},"end":{"line":45,"column":23}},"loc":{"start":{"line":45,"column":23},"end":{"line":48,"column":null}},"line":45},"4":{"name":"handleConfirm","decl":{"start":{"line":50,"column":9},"end":{"line":50,"column":25}},"loc":{"start":{"line":50,"column":25},"end":{"line":52,"column":null}},"line":50},"5":{"name":"(anonymous_5)","decl":{"start":{"line":3,"column":13},"end":{"line":3,"column":20}},"loc":{"start":{"line":3,"column":13},"end":{"line":3,"column":null}},"line":3},"6":{"name":"(anonymous_6)","decl":{"start":{"line":10,"column":6},"end":{"line":10,"column":11}},"loc":{"start":{"line":15,"column":12},"end":{"line":14,"column":20}},"line":15},"7":{"name":"(anonymous_7)","decl":{"start":{"line":11,"column":40},"end":{"line":11,"column":42}},"loc":{"start":{"line":11,"column":42},"end":{"line":11,"column":54}},"line":11},"8":{"name":"(anonymous_8)","decl":{"start":{"line":12,"column":76},"end":{"line":12,"column":null}},"loc":{"start":{"line":14,"column":8},"end":{"line":14,"column":20}},"line":14},"9":{"name":"(anonymous_9)","decl":{"start":{"line":8,"column":4},"end":{"line":8,"column":12}},"loc":{"start":{"line":8,"column":12},"end":{"line":8,"column":null}},"line":8}},"branchMap":{"0":{"loc":{"start":{"line":3,"column":13},"end":{"line":3,"column":null}},"type":"binary-expr","locations":[{"start":{"line":3,"column":13},"end":{"line":3,"column":20}},{"start":{"line":3,"column":13},"end":{"line":3,"column":null}}],"line":3},"1":{"loc":{"start":{"line":11,"column":42},"end":{"line":11,"column":54}},"type":"binary-expr","locations":[{"start":{"line":11,"column":42},"end":{"line":11,"column":54}},{"start":{"line":11,"column":42},"end":{"line":11,"column":54}}],"line":11},"2":{"loc":{"start":{"line":14,"column":8},"end":{"line":14,"column":20}},"type":"binary-expr","locations":[{"start":{"line":14,"column":8},"end":{"line":14,"column":20}},{"start":{"line":14,"column":8},"end":{"line":14,"column":20}}],"line":14}},"s":{"0":3,"1":3,"2":3,"3":3,"4":3,"5":0,"6":3,"7":0,"8":0,"9":0,"10":0,"11":1,"12":3,"13":0,"14":6,"15":6,"16":6,"17":0},"f":{"0":3,"1":0,"2":0,"3":0,"4":0,"5":0,"6":6,"7":6,"8":6,"9":0},"b":{"0":[3,3],"1":[6,3],"2":[6,3]},"meta":{"lastBranch":0,"lastFunction":0,"lastStatement":0,"seen":{}}}
,"/Users/leezesi/Documents/code/usmp/frontend/src/components/common/StatusBadge.vue": {"path":"/Users/leezesi/Documents/code/usmp/frontend/src/components/common/StatusBadge.vue","statementMap":{"0":{"start":{"line":15,"column":14},"end":{"line":15,"column":null}},"1":{"start":{"line":19,"column":6},"end":{"line":27,"column":null}},"2":{"start":{"line":20,"column":43},"end":{"line":25,"column":null}},"3":{"start":{"line":26,"column":2},"end":{"line":26,"column":null}},"4":{"start":{"line":6,"column":10},"end":{"line":6,"column":33}},"5":{"start":{"line":2,"column":2},"end":{"line":6,"column":53}},"6":{"start":{"line":4,"column":17},"end":{"line":4,"column":null}}},"fnMap":{"0":{"name":"(anonymous_0)","decl":{"start":{"line":19,"column":28},"end":{"line":19,"column":34}},"loc":{"start":{"line":19,"column":34},"end":{"line":27,"column":1}},"line":19},"1":{"name":"(anonymous_1)","decl":{"start":{"line":4,"column":6},"end":{"line":4,"column":17}},"loc":{"start":{"line":4,"column":17},"end":{"line":4,"column":null}},"line":4}},"branchMap":{"0":{"loc":{"start":{"line":3,"column":19},"end":{"line":4,"column":null}},"type":"cond-expr","locations":[{"start":{"line":3,"column":24},"end":{"line":4,"column":null}}],"line":3}},"s":{"0":4,"1":4,"2":4,"3":4,"4":2,"5":4,"6":1},"f":{"0":4,"1":1},"b":{"0":[1]},"meta":{"lastBranch":0,"lastFunction":0,"lastStatement":0,"seen":{}}}
,"/Users/leezesi/Documents/code/usmp/frontend/src/components/config/DynamicForm.vue": {"path":"/Users/leezesi/Documents/code/usmp/frontend/src/components/config/DynamicForm.vue","statementMap":{"0":{"start":{"line":62,"column":14},"end":{"line":62,"column":null}},"1":{"start":{"line":67,"column":13},"end":{"line":67,"column":null}},"2":{"start":{"line":71,"column":6},"end":{"line":71,"column":null}},"3":{"start":{"line":72,"column":6},"end":{"line":72,"column":null}},"4":{"start":{"line":75,"column":6},"end":{"line":85,"column":null}},"5":{"start":{"line":76,"column":17},"end":{"line":76,"column":null}},"6":{"start":{"line":77,"column":2},"end":{"line":83,"column":null}},"7":{"start":{"line":78,"column":18},"end":{"line":78,"column":null}},"8":{"start":{"line":79,"column":4},"end":{"line":81,"column":null}},"9":{"start":{"line":80,"column":6},"end":{"line":80,"column":null}},"10":{"start":{"line":82,"column":4},"end":{"line":82,"column":null}},"11":{"start":{"line":84,"column":2},"end":{"line":84,"column":null}},"12":{"start":{"line":88,"column":6},"end":{"line":88,"column":null}},"13":{"start":{"line":89,"column":0},"end":{"line":91,"column":null}},"14":{"start":{"line":90,"column":2},"end":{"line":90,"column":null}},"15":{"start":{"line":93,"column":6},"end":{"line":114,"column":null}},"16":{"start":{"line":94,"column":28},"end":{"line":94,"column":null}},"17":{"start":{"line":95,"column":2},"end":{"line":112,"column":null}},"18":{"start":{"line":96,"column":30},"end":{"line":96,"column":null}},"19":{"start":{"line":97,"column":4},"end":{"line":99,"column":null}},"20":{"start":{"line":98,"column":6},"end":{"line":98,"column":null}},"21":{"start":{"line":100,"column":4},"end":{"line":102,"column":null}},"22":{"start":{"line":101,"column":6},"end":{"line":101,"column":null}},"23":{"start":{"line":103,"column":4},"end":{"line":105,"column":null}},"24":{"start":{"line":104,"column":6},"end":{"line":104,"column":null}},"25":{"start":{"line":106,"column":4},"end":{"line":108,"column":null}},"26":{"start":{"line":107,"column":6},"end":{"line":107,"column":null}},"27":{"start":{"line":109,"column":4},"end":{"line":111,"column":null}},"28":{"start":{"line":110,"column":6},"end":{"line":110,"column":null}},"29":{"start":{"line":113,"column":2},"end":{"line":113,"column":null}},"30":{"start":{"line":117,"column":2},"end":{"line":117,"column":null}},"31":{"start":{"line":118,"column":2},"end":{"line":118,"column":null}},"32":{"start":{"line":121,"column":0},"end":{"line":123,"column":null}},"33":{"start":{"line":121,"column":12},"end":{"line":121,"column":30}},"34":{"start":{"line":122,"column":2},"end":{"line":122,"column":null}},"35":{"start":{"line":126,"column":2},"end":{"line":126,"column":null}},"36":{"start":{"line":130,"column":2},"end":{"line":130,"column":null}},"37":{"start":{"line":134,"column":2},"end":{"line":134,"column":null}},"38":{"start":{"line":137,"column":0},"end":{"line":141,"column":null}},"39":{"start":{"line":18,"column":15},"end":{"line":18,"column":null}},"40":{"start":{"line":2,"column":2},"end":{"line":49,"column":null}},"41":{"start":{"line":9,"column":44},"end":{"line":49,"column":null}},"42":{"start":{"line":11,"column":28},"end":{"line":11,"column":null}},"43":{"start":{"line":13,"column":59},"end":{"line":29,"column":null}},"44":{"start":{"line":12,"column":8},"end":{"line":29,"column":null}},"45":{"start":{"line":17,"column":42},"end":{"line":17,"column":42}},"46":{"start":{"line":32,"column":16},"end":{"line":29,"column":null}},"47":{"start":{"line":19,"column":12},"end":{"line":29,"column":null}},"48":{"start":{"line":30,"column":16},"end":{"line":29,"column":null}},"49":{"start":{"line":29,"column":37},"end":{"line":29,"column":null}},"50":{"start":{"line":39,"column":6},"end":{"line":49,"column":null}},"51":{"start":{"line":50,"column":10},"end":{"line":49,"column":null}},"52":{"start":{"line":49,"column":31},"end":{"line":49,"column":null}}},"fnMap":{"0":{"name":"(anonymous_0)","decl":{"start":{"line":75,"column":31},"end":{"line":75,"column":37}},"loc":{"start":{"line":75,"column":37},"end":{"line":85,"column":1}},"line":75},"1":{"name":"(anonymous_1)","decl":{"start":{"line":89,"column":10},"end":{"line":89,"column":16}},"loc":{"start":{"line":89,"column":16},"end":{"line":91,"column":1}},"line":89},"2":{"name":"(anonymous_2)","decl":{"start":{"line":93,"column":34},"end":{"line":93,"column":40}},"loc":{"start":{"line":93,"column":40},"end":{"line":114,"column":1}},"line":93},"3":{"name":"(anonymous_3)","decl":{"start":{"line":95,"column":23},"end":{"line":95,"column":32}},"loc":{"start":{"line":95,"column":32},"end":{"line":112,"column":3}},"line":95},"4":{"name":"updateField","decl":{"start":{"line":116,"column":9},"end":{"line":116,"column":21}},"loc":{"start":{"line":116,"column":47},"end":{"line":119,"column":null}},"line":116},"5":{"name":"(anonymous_5)","decl":{"start":{"line":121,"column":6},"end":{"line":121,"column":12}},"loc":{"start":{"line":121,"column":12},"end":{"line":121,"column":30}},"line":121},"6":{"name":"(anonymous_6)","decl":{"start":{"line":121,"column":30},"end":{"line":121,"column":31}},"loc":{"start":{"line":121,"column":42},"end":{"line":123,"column":3}},"line":121},"7":{"name":"validate","decl":{"start":{"line":125,"column":9},"end":{"line":125,"column":20}},"loc":{"start":{"line":125,"column":20},"end":{"line":127,"column":null}},"line":125},"8":{"name":"resetFields","decl":{"start":{"line":129,"column":9},"end":{"line":129,"column":23}},"loc":{"start":{"line":129,"column":23},"end":{"line":131,"column":null}},"line":129},"9":{"name":"getFormData","decl":{"start":{"line":133,"column":9},"end":{"line":133,"column":23}},"loc":{"start":{"line":133,"column":23},"end":{"line":135,"column":null}},"line":133},"10":{"name":"(anonymous_10)","decl":{"start":{"line":9,"column":4},"end":{"line":9,"column":44}},"loc":{"start":{"line":9,"column":44},"end":{"line":49,"column":null}},"line":9},"11":{"name":"(anonymous_11)","decl":{"start":{"line":11,"column":28},"end":{"line":11,"column":40}},"loc":{"start":{"line":11,"column":28},"end":{"line":11,"column":null}},"line":11},"12":{"name":"(anonymous_12)","decl":{"start":{"line":13,"column":10},"end":{"line":13,"column":18}},"loc":{"start":{"line":13,"column":59},"end":{"line":29,"column":null}},"line":13},"13":{"name":"(anonymous_13)","decl":{"start":{"line":13,"column":58},"end":{"line":13,"column":59}},"loc":{"start":{"line":13,"column":40},"end":{"line":29,"column":null}},"line":13},"14":{"name":"(anonymous_14)","decl":{"start":{"line":17,"column":27},"end":{"line":17,"column":30}},"loc":{"start":{"line":17,"column":42},"end":{"line":17,"column":42}},"line":17},"15":{"name":"(anonymous_15)","decl":{"start":{"line":18,"column":10},"end":{"line":18,"column":15}},"loc":{"start":{"line":32,"column":16},"end":{"line":29,"column":null}},"line":32},"16":{"name":"(anonymous_16)","decl":{"start":{"line":20,"column":41},"end":{"line":20,"column":null}},"loc":{"start":{"line":20,"column":26},"end":{"line":29,"column":null}},"line":20},"17":{"name":"(anonymous_17)","decl":{"start":{"line":26,"column":14},"end":{"line":26,"column":null}},"loc":{"start":{"line":30,"column":16},"end":{"line":29,"column":null}},"line":30},"18":{"name":"(anonymous_18)","decl":{"start":{"line":29,"column":35},"end":{"line":29,"column":37}},"loc":{"start":{"line":29,"column":37},"end":{"line":29,"column":null}},"line":29},"19":{"name":"(anonymous_19)","decl":{"start":{"line":40,"column":30},"end":{"line":40,"column":null}},"loc":{"start":{"line":40,"column":20},"end":{"line":49,"column":null}},"line":40},"20":{"name":"(anonymous_20)","decl":{"start":{"line":46,"column":8},"end":{"line":46,"column":null}},"loc":{"start":{"line":50,"column":10},"end":{"line":49,"column":null}},"line":50},"21":{"name":"(anonymous_21)","decl":{"start":{"line":49,"column":29},"end":{"line":49,"column":31}},"loc":{"start":{"line":49,"column":31},"end":{"line":49,"column":null}},"line":49}},"branchMap":{"0":{"loc":{"start":{"line":78,"column":18},"end":{"line":78,"column":null}},"type":"binary-expr","locations":[{"start":{"line":78,"column":18},"end":{"line":78,"column":33}},{"start":{"line":78,"column":33},"end":{"line":78,"column":null}}],"line":78},"1":{"loc":{"start":{"line":79,"column":4},"end":{"line":81,"column":null}},"type":"if","locations":[{"start":{"line":79,"column":4},"end":{"line":81,"column":null}},{"start":{},"end":{}}],"line":79},"2":{"loc":{"start":{"line":97,"column":4},"end":{"line":99,"column":null}},"type":"if","locations":[{"start":{"line":97,"column":4},"end":{"line":99,"column":null}},{"start":{},"end":{}}],"line":97},"3":{"loc":{"start":{"line":100,"column":4},"end":{"line":102,"column":null}},"type":"if","locations":[{"start":{"line":100,"column":4},"end":{"line":102,"column":null}},{"start":{},"end":{}}],"line":100},"4":{"loc":{"start":{"line":103,"column":4},"end":{"line":105,"column":null}},"type":"if","locations":[{"start":{"line":103,"column":4},"end":{"line":105,"column":null}},{"start":{},"end":{}}],"line":103},"5":{"loc":{"start":{"line":106,"column":4},"end":{"line":108,"column":null}},"type":"if","locations":[{"start":{"line":106,"column":4},"end":{"line":108,"column":null}},{"start":{},"end":{}}],"line":106},"6":{"loc":{"start":{"line":109,"column":4},"end":{"line":111,"column":null}},"type":"if","locations":[{"start":{"line":109,"column":4},"end":{"line":111,"column":null}},{"start":{},"end":{}}],"line":109},"7":{"loc":{"start":{"line":10,"column":20},"end":{"line":49,"column":null}},"type":"cond-expr","locations":[{"start":{"line":10,"column":38},"end":{"line":38,"column":null}},{"start":{"line":38,"column":4},"end":{"line":49,"column":null}}],"line":10},"8":{"loc":{"start":{"line":11,"column":28},"end":{"line":11,"column":null}},"type":"binary-expr","locations":[{"start":{"line":11,"column":28},"end":{"line":11,"column":40}},{"start":{"line":11,"column":28},"end":{"line":11,"column":null}}],"line":11}},"s":{"0":5,"1":5,"2":5,"3":5,"4":5,"5":5,"6":5,"7":15,"8":15,"9":5,"10":15,"11":5,"12":5,"13":5,"14":5,"15":5,"16":5,"17":5,"18":15,"19":15,"20":5,"21":15,"22":0,"23":15,"24":0,"25":15,"26":0,"27":15,"28":5,"29":5,"30":0,"31":0,"32":5,"33":5,"34":0,"35":0,"36":0,"37":0,"38":5,"39":2,"40":5,"41":5,"42":0,"43":0,"44":0,"45":0,"46":0,"47":0,"48":0,"49":0,"50":15,"51":30,"52":0},"f":{"0":5,"1":5,"2":5,"3":15,"4":0,"5":5,"6":0,"7":0,"8":0,"9":0,"10":5,"11":0,"12":0,"13":0,"14":0,"15":0,"16":0,"17":0,"18":0,"19":15,"20":30,"21":0},"b":{"0":[15,15],"1":[5,10],"2":[5,10],"3":[0,15],"4":[0,15],"5":[0,15],"6":[5,10],"7":[0,5],"8":[0,0]},"meta":{"lastBranch":0,"lastFunction":0,"lastStatement":0,"seen":{}}}
,"/Users/leezesi/Documents/code/usmp/frontend/src/components/config/DynamicTable.vue": {"path":"/Users/leezesi/Documents/code/usmp/frontend/src/components/config/DynamicTable.vue","statementMap":{"0":{"start":{"line":2,"column":7},"end":{"line":2,"column":null}},"1":{"start":{"line":34,"column":9},"end":{"line":34,"column":null}},"2":{"start":{"line":2,"column":2},"end":{"line":37,"column":18}},"3":{"start":{"line":5,"column":33},"end":{"line":29,"column":22}},"4":{"start":{"line":4,"column":6},"end":{"line":19,"column":52}},"5":{"start":{"line":11,"column":33},"end":{"line":19,"column":52}},"6":{"start":{"line":17,"column":48},"end":{"line":17,"column":48}},"7":{"start":{"line":23,"column":41},"end":{"line":29,"column":22}},"8":{"start":{"line":24,"column":62},"end":{"line":24,"column":90}},"9":{"start":{"line":26,"column":10},"end":{"line":26,"column":22}},"10":{"start":{"line":27,"column":61},"end":{"line":27,"column":91}},"11":{"start":{"line":29,"column":10},"end":{"line":29,"column":22}},"12":{"start":{"line":35,"column":59},"end":{"line":35,"column":73}},"13":{"start":{"line":37,"column":6},"end":{"line":37,"column":18}}},"fnMap":{"0":{"name":"(anonymous_0)","decl":{"start":{"line":5,"column":8},"end":{"line":5,"column":15}},"loc":{"start":{"line":5,"column":33},"end":{"line":29,"column":22}},"line":5},"1":{"name":"(anonymous_1)","decl":{"start":{"line":5,"column":32},"end":{"line":5,"column":33}},"loc":{"start":{"line":5,"column":21},"end":{"line":19,"column":52}},"line":5},"2":{"name":"(anonymous_2)","decl":{"start":{"line":12,"column":10},"end":{"line":12,"column":null}},"loc":{"start":{"line":11,"column":33},"end":{"line":19,"column":52}},"line":11},"3":{"name":"(anonymous_3)","decl":{"start":{"line":17,"column":12},"end":{"line":17,"column":15}},"loc":{"start":{"line":17,"column":48},"end":{"line":17,"column":48}},"line":17},"4":{"name":"(anonymous_4)","decl":{"start":{"line":24,"column":10},"end":{"line":24,"column":21}},"loc":{"start":{"line":23,"column":41},"end":{"line":29,"column":22}},"line":23},"5":{"name":"(anonymous_5)","decl":{"start":{"line":24,"column":60},"end":{"line":24,"column":62}},"loc":{"start":{"line":24,"column":62},"end":{"line":24,"column":90}},"line":24},"6":{"name":"(anonymous_6)","decl":{"start":{"line":24,"column":90},"end":{"line":24,"column":null}},"loc":{"start":{"line":26,"column":10},"end":{"line":26,"column":22}},"line":26},"7":{"name":"(anonymous_7)","decl":{"start":{"line":27,"column":59},"end":{"line":27,"column":61}},"loc":{"start":{"line":27,"column":61},"end":{"line":27,"column":91}},"line":27},"8":{"name":"(anonymous_8)","decl":{"start":{"line":27,"column":91},"end":{"line":27,"column":null}},"loc":{"start":{"line":29,"column":10},"end":{"line":29,"column":22}},"line":29},"9":{"name":"(anonymous_9)","decl":{"start":{"line":35,"column":57},"end":{"line":35,"column":59}},"loc":{"start":{"line":35,"column":59},"end":{"line":35,"column":73}},"line":35},"10":{"name":"(anonymous_10)","decl":{"start":{"line":35,"column":73},"end":{"line":35,"column":null}},"loc":{"start":{"line":37,"column":6},"end":{"line":37,"column":18}},"line":37}},"branchMap":{"0":{"loc":{"start":{"line":13,"column":18},"end":{"line":19,"column":52}},"type":"cond-expr","locations":[{"start":{"line":13,"column":29},"end":{"line":19,"column":26}},{"start":{"line":19,"column":10},"end":{"line":19,"column":52}}],"line":13},"1":{"loc":{"start":{"line":14,"column":19},"end":{"line":14,"column":null}},"type":"cond-expr","locations":[{"start":{"line":14,"column":34},"end":{"line":14,"column":null}},{"start":{"line":14,"column":34},"end":{"line":14,"column":null}}],"line":14},"2":{"loc":{"start":{"line":17,"column":15},"end":{"line":17,"column":48}},"type":"cond-expr","locations":[{"start":{"line":17,"column":30},"end":{"line":17,"column":48}},{"start":{"line":17,"column":30},"end":{"line":17,"column":48}}],"line":17},"3":{"loc":{"start":{"line":26,"column":10},"end":{"line":26,"column":22}},"type":"binary-expr","locations":[{"start":{"line":26,"column":10},"end":{"line":26,"column":22}},{"start":{"line":26,"column":10},"end":{"line":26,"column":22}}],"line":26},"4":{"loc":{"start":{"line":29,"column":10},"end":{"line":29,"column":22}},"type":"binary-expr","locations":[{"start":{"line":29,"column":10},"end":{"line":29,"column":22}},{"start":{"line":29,"column":10},"end":{"line":29,"column":22}}],"line":29},"5":{"loc":{"start":{"line":35,"column":57},"end":{"line":35,"column":73}},"type":"binary-expr","locations":[{"start":{"line":35,"column":57},"end":{"line":35,"column":59}},{"start":{"line":35,"column":57},"end":{"line":35,"column":73}}],"line":35},"6":{"loc":{"start":{"line":37,"column":6},"end":{"line":37,"column":18}},"type":"binary-expr","locations":[{"start":{"line":37,"column":6},"end":{"line":37,"column":18}},{"start":{"line":37,"column":6},"end":{"line":37,"column":18}}],"line":37}},"s":{"0":2,"1":2,"2":3,"3":9,"4":18,"5":42,"6":12,"7":15,"8":0,"9":18,"10":0,"11":18,"12":1,"13":6},"f":{"0":9,"1":18,"2":42,"3":12,"4":15,"5":0,"6":18,"7":0,"8":18,"9":1,"10":6},"b":{"0":[21,21],"1":[6,15],"2":[6,6],"3":[18,3],"4":[18,3],"5":[3,3],"6":[6,3]},"meta":{"lastBranch":0,"lastFunction":0,"lastStatement":0,"seen":{}}}
,"/Users/leezesi/Documents/code/usmp/frontend/src/components/config/FieldRenderer.vue": {"path":"/Users/leezesi/Documents/code/usmp/frontend/src/components/config/FieldRenderer.vue","statementMap":{"0":{"start":{"line":69,"column":14},"end":{"line":69,"column":null}},"1":{"start":{"line":74,"column":13},"end":{"line":74,"column":null}},"2":{"start":{"line":79,"column":19},"end":{"line":79,"column":null}},"3":{"start":{"line":80,"column":2},"end":{"line":80,"column":null}},"4":{"start":{"line":2,"column":7},"end":{"line":2,"column":null}},"5":{"start":{"line":50,"column":44},"end":{"line":50,"column":null}},"6":{"start":{"line":51,"column":11},"end":{"line":51,"column":34}},"7":{"start":{"line":52,"column":11},"end":{"line":52,"column":null}},"8":{"start":{"line":54,"column":17},"end":{"line":54,"column":40}},"9":{"start":{"line":2,"column":2},"end":{"line":58,"column":null}},"10":{"start":{"line":7,"column":27},"end":{"line":7,"column":null}},"11":{"start":{"line":16,"column":27},"end":{"line":16,"column":null}},"12":{"start":{"line":28,"column":27},"end":{"line":28,"column":null}},"13":{"start":{"line":36,"column":27},"end":{"line":36,"column":null}},"14":{"start":{"line":42,"column":39},"end":{"line":45,"column":null}},"15":{"start":{"line":41,"column":6},"end":{"line":45,"column":null}},"16":{"start":{"line":53,"column":8},"end":{"line":58,"column":null}},"17":{"start":{"line":58,"column":33},"end":{"line":58,"column":null}}},"fnMap":{"0":{"name":"updateSubField","decl":{"start":{"line":78,"column":9},"end":{"line":78,"column":24}},"loc":{"start":{"line":78,"column":50},"end":{"line":81,"column":null}},"line":78},"1":{"name":"(anonymous_1)","decl":{"start":{"line":7,"column":25},"end":{"line":7,"column":27}},"loc":{"start":{"line":7,"column":27},"end":{"line":7,"column":null}},"line":7},"2":{"name":"(anonymous_2)","decl":{"start":{"line":16,"column":25},"end":{"line":16,"column":27}},"loc":{"start":{"line":16,"column":27},"end":{"line":16,"column":null}},"line":16},"3":{"name":"(anonymous_3)","decl":{"start":{"line":28,"column":25},"end":{"line":28,"column":27}},"loc":{"start":{"line":28,"column":27},"end":{"line":28,"column":null}},"line":28},"4":{"name":"(anonymous_4)","decl":{"start":{"line":36,"column":25},"end":{"line":36,"column":27}},"loc":{"start":{"line":36,"column":27},"end":{"line":36,"column":null}},"line":36},"5":{"name":"(anonymous_5)","decl":{"start":{"line":42,"column":8},"end":{"line":42,"column":15}},"loc":{"start":{"line":42,"column":39},"end":{"line":45,"column":null}},"line":42},"6":{"name":"(anonymous_6)","decl":{"start":{"line":42,"column":38},"end":{"line":42,"column":39}},"loc":{"start":{"line":42,"column":21},"end":{"line":45,"column":null}},"line":42},"7":{"name":"(anonymous_7)","decl":{"start":{"line":53,"column":44},"end":{"line":53,"column":47}},"loc":{"start":{"line":53,"column":28},"end":{"line":58,"column":null}},"line":53},"8":{"name":"(anonymous_8)","decl":{"start":{"line":58,"column":31},"end":{"line":58,"column":33}},"loc":{"start":{"line":58,"column":33},"end":{"line":58,"column":null}},"line":58}},"branchMap":{"0":{"loc":{"start":{"line":79,"column":19},"end":{"line":79,"column":null}},"type":"binary-expr","locations":[{"start":{"line":79,"column":19},"end":{"line":79,"column":63}},{"start":{"line":79,"column":63},"end":{"line":79,"column":null}}],"line":79},"1":{"loc":{"start":{"line":5,"column":12},"end":{"line":58,"column":null}},"type":"cond-expr","locations":[{"start":{"line":5,"column":22},"end":{"line":9,"column":null}},{"start":{"line":14,"column":17},"end":{"line":58,"column":null}}],"line":5},"2":{"loc":{"start":{"line":7,"column":25},"end":{"line":7,"column":null}},"type":"binary-expr","locations":[{"start":{"line":7,"column":25},"end":{"line":7,"column":27}},{"start":{"line":7,"column":25},"end":{"line":7,"column":null}}],"line":7},"3":{"loc":{"start":{"line":14,"column":17},"end":{"line":58,"column":null}},"type":"cond-expr","locations":[{"start":{"line":14,"column":27},"end":{"line":26,"column":23}},{"start":{"line":26,"column":17},"end":{"line":58,"column":null}}],"line":14},"4":{"loc":{"start":{"line":16,"column":25},"end":{"line":16,"column":null}},"type":"binary-expr","locations":[{"start":{"line":16,"column":25},"end":{"line":16,"column":27}},{"start":{"line":16,"column":25},"end":{"line":16,"column":null}}],"line":16},"5":{"loc":{"start":{"line":26,"column":17},"end":{"line":58,"column":null}},"type":"cond-expr","locations":[{"start":{"line":26,"column":27},"end":{"line":34,"column":23}},{"start":{"line":34,"column":17},"end":{"line":58,"column":null}}],"line":26},"6":{"loc":{"start":{"line":28,"column":25},"end":{"line":28,"column":null}},"type":"binary-expr","locations":[{"start":{"line":28,"column":25},"end":{"line":28,"column":27}},{"start":{"line":28,"column":25},"end":{"line":28,"column":null}}],"line":28},"7":{"loc":{"start":{"line":34,"column":17},"end":{"line":58,"column":null}},"type":"cond-expr","locations":[{"start":{"line":34,"column":27},"end":{"line":50,"column":26}},{"start":{"line":50,"column":20},"end":{"line":58,"column":null}}],"line":34},"8":{"loc":{"start":{"line":36,"column":25},"end":{"line":36,"column":null}},"type":"binary-expr","locations":[{"start":{"line":36,"column":25},"end":{"line":36,"column":27}},{"start":{"line":36,"column":25},"end":{"line":36,"column":null}}],"line":36},"9":{"loc":{"start":{"line":50,"column":20},"end":{"line":58,"column":null}},"type":"cond-expr","locations":[{"start":{"line":50,"column":30},"end":{"line":58,"column":null}}],"line":50}},"s":{"0":19,"1":19,"2":0,"3":0,"4":3,"5":3,"6":3,"7":3,"8":3,"9":19,"10":0,"11":0,"12":0,"13":0,"14":4,"15":8,"16":0,"17":0},"f":{"0":0,"1":0,"2":0,"3":0,"4":0,"5":4,"6":8,"7":0,"8":0},"b":{"0":[0,0],"1":[11,8],"2":[11,11],"3":[1,7],"4":[1,1],"5":[6,1],"6":[6,6],"7":[1,0],"8":[1,1],"9":[0]},"meta":{"lastBranch":10,"lastFunction":9,"lastStatement":18,"seen":{"s:69:14:69:Infinity":0,"s:74:13:74:Infinity":1,"f:78:9:78:24":0,"s:79:19:79:Infinity":2,"b:79:19:79:63:79:63:79:Infinity":0,"s:80:2:80:Infinity":3,"s:2:7:2:Infinity":4,"s:50:44:50:Infinity":5,"s:51:11:51:34":6,"s:52:11:52:Infinity":7,"s:54:17:54:40":8,"s:2:2:58:Infinity":9,"b:5:22:9:Infinity:14:17:58:Infinity":1,"b:7:25:7:27:7:25:7:Infinity":2,"f:7:25:7:27":1,"s:7:27:7:Infinity":10,"b:14:27:26:23:26:17:58:Infinity":3,"b:16:25:16:27:16:25:16:Infinity":4,"f:16:25:16:27":2,"s:16:27:16:Infinity":11,"b:26:27:34:23:34:17:58:Infinity":5,"b:28:25:28:27:28:25:28:Infinity":6,"f:28:25:28:27":3,"s:28:27:28:Infinity":12,"b:34:27:50:26:50:20:58:Infinity":7,"b:36:25:36:27:36:25:36:Infinity":8,"f:36:25:36:27":4,"s:36:27:36:Infinity":13,"f:42:8:42:15":5,"s:42:39:45:Infinity":14,"f:42:38:42:39":6,"s:41:6:45:Infinity":15,"b:50:30:58:Infinity":9,"f:53:44:53:47":7,"s:53:8:58:Infinity":16,"f:58:31:58:33":8,"s:58:33:58:Infinity":17}}}
,"/Users/leezesi/Documents/code/usmp/frontend/src/components/dashboard/StatCard.vue": {"path":"/Users/leezesi/Documents/code/usmp/frontend/src/components/dashboard/StatCard.vue","statementMap":{"0":{"start":{"line":31,"column":14},"end":{"line":31,"column":null}},"1":{"start":{"line":36,"column":6},"end":{"line":39,"column":null}},"2":{"start":{"line":37,"column":2},"end":{"line":37,"column":null}},"3":{"start":{"line":37,"column":33},"end":{"line":37,"column":null}},"4":{"start":{"line":38,"column":2},"end":{"line":38,"column":null}},"5":{"start":{"line":41,"column":6},"end":{"line":44,"column":null}},"6":{"start":{"line":42,"column":2},"end":{"line":42,"column":null}},"7":{"start":{"line":42,"column":33},"end":{"line":42,"column":null}},"8":{"start":{"line":43,"column":2},"end":{"line":43,"column":null}},"9":{"start":{"line":2,"column":7},"end":{"line":2,"column":null}},"10":{"start":{"line":6,"column":9},"end":{"line":6,"column":null}},"11":{"start":{"line":7,"column":11},"end":{"line":7,"column":33}},"12":{"start":{"line":8,"column":11},"end":{"line":8,"column":33}},"13":{"start":{"line":11,"column":14},"end":{"line":11,"column":37}},"14":{"start":{"line":2,"column":2},"end":{"line":12,"column":75}}},"fnMap":{"0":{"name":"(anonymous_0)","decl":{"start":{"line":36,"column":28},"end":{"line":36,"column":34}},"loc":{"start":{"line":36,"column":34},"end":{"line":39,"column":1}},"line":36},"1":{"name":"(anonymous_1)","decl":{"start":{"line":41,"column":28},"end":{"line":41,"column":34}},"loc":{"start":{"line":41,"column":34},"end":{"line":44,"column":1}},"line":41}},"branchMap":{"0":{"loc":{"start":{"line":37,"column":2},"end":{"line":37,"column":null}},"type":"if","locations":[{"start":{"line":37,"column":2},"end":{"line":37,"column":null}},{"start":{},"end":{}}],"line":37},"1":{"loc":{"start":{"line":38,"column":9},"end":{"line":38,"column":null}},"type":"cond-expr","locations":[{"start":{"line":38,"column":28},"end":{"line":38,"column":47}},{"start":{"line":38,"column":47},"end":{"line":38,"column":null}}],"line":38},"2":{"loc":{"start":{"line":42,"column":2},"end":{"line":42,"column":null}},"type":"if","locations":[{"start":{"line":42,"column":2},"end":{"line":42,"column":null}},{"start":{},"end":{}}],"line":42},"3":{"loc":{"start":{"line":43,"column":9},"end":{"line":43,"column":null}},"type":"cond-expr","locations":[{"start":{"line":43,"column":28},"end":{"line":43,"column":34}},{"start":{"line":43,"column":34},"end":{"line":43,"column":null}}],"line":43},"4":{"loc":{"start":{"line":9,"column":17},"end":{"line":12,"column":75}},"type":"cond-expr","locations":[{"start":{"line":9,"column":27},"end":{"line":12,"column":75}}],"line":9},"5":{"loc":{"start":{"line":11,"column":37},"end":{"line":11,"column":68}},"type":"cond-expr","locations":[{"start":{"line":11,"column":42},"end":{"line":11,"column":63}},{"start":{"line":11,"column":63},"end":{"line":11,"column":68}}],"line":11},"6":{"loc":{"start":{"line":12,"column":20},"end":{"line":12,"column":75}},"type":"cond-expr","locations":[{"start":{"line":12,"column":20},"end":{"line":12,"column":75}},{"start":{"line":12,"column":65},"end":{"line":12,"column":75}}],"line":12}},"s":{"0":19,"1":19,"2":14,"3":0,"4":14,"5":19,"6":14,"7":0,"8":14,"9":2,"10":2,"11":2,"12":2,"13":2,"14":19},"f":{"0":14,"1":14},"b":{"0":[0,14],"1":[13,1],"2":[0,14],"3":[13,1],"4":[14],"5":[13,1],"6":[14,0]},"meta":{"lastBranch":0,"lastFunction":0,"lastStatement":0,"seen":{}}}
,"/Users/leezesi/Documents/code/usmp/frontend/src/components/dashboard/StatusChart.vue": {"path":"/Users/leezesi/Documents/code/usmp/frontend/src/components/dashboard/StatusChart.vue","statementMap":{"0":{"start":{"line":39,"column":14},"end":{"line":39,"column":null}},"1":{"start":{"line":41,"column":6},"end":{"line":41,"column":null}},"2":{"start":{"line":42,"column":44},"end":{"line":42,"column":null}},"3":{"start":{"line":44,"column":18},"end":{"line":49,"column":null}},"4":{"start":{"line":45,"column":2},"end":{"line":45,"column":null}},"5":{"start":{"line":45,"column":23},"end":{"line":45,"column":null}},"6":{"start":{"line":47,"column":2},"end":{"line":47,"column":null}},"7":{"start":{"line":48,"column":2},"end":{"line":48,"column":null}},"8":{"start":{"line":51,"column":20},"end":{"line":84,"column":null}},"9":{"start":{"line":52,"column":2},"end":{"line":52,"column":null}},"10":{"start":{"line":52,"column":22},"end":{"line":52,"column":null}},"11":{"start":{"line":54,"column":40},"end":{"line":81,"column":null}},"12":{"start":{"line":83,"column":2},"end":{"line":83,"column":null}},"13":{"start":{"line":86,"column":21},"end":{"line":88,"column":null}},"14":{"start":{"line":87,"column":2},"end":{"line":87,"column":null}},"15":{"start":{"line":90,"column":0},"end":{"line":92,"column":null}},"16":{"start":{"line":90,"column":12},"end":{"line":90,"column":59}},"17":{"start":{"line":91,"column":2},"end":{"line":91,"column":null}},"18":{"start":{"line":94,"column":0},"end":{"line":97,"column":null}},"19":{"start":{"line":95,"column":2},"end":{"line":95,"column":null}},"20":{"start":{"line":96,"column":2},"end":{"line":96,"column":null}},"21":{"start":{"line":99,"column":0},"end":{"line":102,"column":null}},"22":{"start":{"line":100,"column":2},"end":{"line":100,"column":null}},"23":{"start":{"line":101,"column":2},"end":{"line":101,"column":null}},"24":{"start":{"line":2,"column":7},"end":{"line":2,"column":null}},"25":{"start":{"line":6,"column":9},"end":{"line":6,"column":null}},"26":{"start":{"line":8,"column":11},"end":{"line":8,"column":null}},"27":{"start":{"line":9,"column":13},"end":{"line":9,"column":null}},"28":{"start":{"line":12,"column":16},"end":{"line":12,"column":40}},"29":{"start":{"line":14,"column":13},"end":{"line":14,"column":null}},"30":{"start":{"line":17,"column":16},"end":{"line":17,"column":40}},"31":{"start":{"line":19,"column":13},"end":{"line":19,"column":null}},"32":{"start":{"line":22,"column":16},"end":{"line":22,"column":40}},"33":{"start":{"line":2,"column":2},"end":{"line":22,"column":58}}},"fnMap":{"0":{"name":"(anonymous_0)","decl":{"start":{"line":44,"column":18},"end":{"line":44,"column":24}},"loc":{"start":{"line":44,"column":24},"end":{"line":49,"column":null}},"line":44},"1":{"name":"(anonymous_1)","decl":{"start":{"line":51,"column":20},"end":{"line":51,"column":26}},"loc":{"start":{"line":51,"column":26},"end":{"line":84,"column":null}},"line":51},"2":{"name":"(anonymous_2)","decl":{"start":{"line":86,"column":21},"end":{"line":86,"column":27}},"loc":{"start":{"line":86,"column":27},"end":{"line":88,"column":null}},"line":86},"3":{"name":"(anonymous_3)","decl":{"start":{"line":90,"column":6},"end":{"line":90,"column":12}},"loc":{"start":{"line":90,"column":12},"end":{"line":90,"column":59}},"line":90},"4":{"name":"(anonymous_4)","decl":{"start":{"line":90,"column":59},"end":{"line":90,"column":65}},"loc":{"start":{"line":90,"column":65},"end":{"line":92,"column":1}},"line":90},"5":{"name":"(anonymous_5)","decl":{"start":{"line":94,"column":10},"end":{"line":94,"column":16}},"loc":{"start":{"line":94,"column":16},"end":{"line":97,"column":1}},"line":94},"6":{"name":"(anonymous_6)","decl":{"start":{"line":99,"column":12},"end":{"line":99,"column":18}},"loc":{"start":{"line":99,"column":18},"end":{"line":102,"column":1}},"line":99}},"branchMap":{"0":{"loc":{"start":{"line":45,"column":2},"end":{"line":45,"column":null}},"type":"if","locations":[{"start":{"line":45,"column":2},"end":{"line":45,"column":null}},{"start":{},"end":{}}],"line":45},"1":{"loc":{"start":{"line":52,"column":2},"end":{"line":52,"column":null}},"type":"if","locations":[{"start":{"line":52,"column":2},"end":{"line":52,"column":null}},{"start":{},"end":{}}],"line":52},"2":{"loc":{"start":{"line":26,"column":8},"end":{"line":4,"column":21}},"type":"binary-expr","locations":[{"start":{"line":26,"column":8},"end":{"line":26,"column":null}},{"start":{"line":26,"column":8},"end":{"line":4,"column":21}}],"line":26},"3":{"loc":{"start":{"line":13,"column":14},"end":{"line":10,"column":49}},"type":"binary-expr","locations":[{"start":{"line":13,"column":14},"end":{"line":13,"column":null}},{"start":{"line":13,"column":14},"end":{"line":10,"column":49}}],"line":13},"4":{"loc":{"start":{"line":10,"column":41},"end":{"line":11,"column":46}},"type":"binary-expr","locations":[{"start":{"line":10,"column":41},"end":{"line":10,"column":49}},{"start":{"line":10,"column":41},"end":{"line":11,"column":46}}],"line":10},"5":{"loc":{"start":{"line":18,"column":14},"end":{"line":15,"column":50}},"type":"binary-expr","locations":[{"start":{"line":
[...]
:{"line":91,"column":null}},"16":{"start":{"line":93,"column":4},"end":{"line":95,"column":null}},"17":{"start":{"line":94,"column":6},"end":{"line":94,"column":null}},"18":{"start":{"line":97,"column":19},"end":{"line":97,"column":null}},"19":{"start":{"line":98,"column":4},"end":{"line":98,"column":null}},"20":{"start":{"line":99,"column":4},"end":{"line":99,"column":null}},"21":{"start":{"line":101,"column":4},"end":{"line":101,"column":null}},"22":{"start":{"line":103,"column":4},"end":{"line":103,"column":null}},"23":{"start":{"line":108,"column":2},"end":{"line":108,"column":null}},"24":{"start":{"line":109,"column":2},"end":{"line":109,"column":null}},"25":{"start":{"line":110,"column":2},"end":{"line":110,"column":null}},"26":{"start":{"line":114,"column":2},"end":{"line":114,"column":null}},"27":{"start":{"line":117,"column":0},"end":{"line":119,"column":null}},"28":{"start":{"line":118,"column":2},"end":{"line":118,"column":null}},"29":{"start":{"line":2,"column":7},"end":{"line":2,"column":null}},"30":{"start":{"line":3,"column":9},"end":{"line":3,"column":null}},"31":{"start":{"line":10,"column":9},"end":{"line":10,"column":null}},"32":{"start":{"line":50,"column":9},"end":{"line":50,"column":null}},"33":{"start":{"line":2,"column":2},"end":{"line":58,"column":null}},"34":{"start":{"line":7,"column":6},"end":{"line":7,"column":18}},"35":{"start":{"line":12,"column":17},"end":{"line":12,"column":null}},"36":{"start":{"line":20,"column":17},"end":{"line":20,"column":null}},"37":{"start":{"line":28,"column":26},"end":{"line":28,"column":40}},"38":{"start":{"line":29,"column":41},"end":{"line":31,"column":47}},"39":{"start":{"line":36,"column":60},"end":{"line":47,"column":88}},"40":{"start":{"line":40,"column":33},"end":{"line":42,"column":56}},"41":{"start":{"line":42,"column":56},"end":{"line":42,"column":56}},"42":{"start":{"line":52,"column":30},"end":{"line":52,"column":null}},"43":{"start":{"line":53,"column":27},"end":{"line":53,"column":null}}},"fnMap":{"0":{"name":"fetchLogs","decl":{"start":{"line":79,"column":15},"end":{"line":79,"column":27}},"loc":{"start":{"line":79,"column":27},"end":{"line":105,"column":null}},"line":79},"1":{"name":"handleSizeChange","decl":{"start":{"line":107,"column":9},"end":{"line":107,"column":26}},"loc":{"start":{"line":107,"column":40},"end":{"line":111,"column":null}},"line":107},"2":{"name":"handleExport","decl":{"start":{"line":113,"column":9},"end":{"line":113,"column":24}},"loc":{"start":{"line":113,"column":24},"end":{"line":115,"column":null}},"line":113},"3":{"name":"(anonymous_3)","decl":{"start":{"line":117,"column":10},"end":{"line":117,"column":16}},"loc":{"start":{"line":117,"column":16},"end":{"line":119,"column":1}},"line":117},"4":{"name":"(anonymous_4)","decl":{"start":{"line":5,"column":71},"end":{"line":5,"column":null}},"loc":{"start":{"line":7,"column":6},"end":{"line":7,"column":18}},"line":7},"5":{"name":"(anonymous_5)","decl":{"start":{"line":12,"column":17},"end":{"line":12,"column":30}},"loc":{"start":{"line":12,"column":17},"end":{"line":12,"column":null}},"line":12},"6":{"name":"(anonymous_6)","decl":{"start":{"line":20,"column":17},"end":{"line":20,"column":26}},"loc":{"start":{"line":20,"column":17},"end":{"line":20,"column":null}},"line":20},"7":{"name":"(anonymous_7)","decl":{"start":{"line":28,"column":26},"end":{"line":28,"column":38}},"loc":{"start":{"line":28,"column":26},"end":{"line":28,"column":40}},"line":28},"8":{"name":"(anonymous_8)","decl":{"start":{"line":29,"column":8},"end":{"line":29,"column":19}},"loc":{"start":{"line":29,"column":41},"end":{"line":31,"column":47}},"line":29},"9":{"name":"(anonymous_9)","decl":{"start":{"line":36,"column":6},"end":{"line":36,"column":23}},"loc":{"start":{"line":36,"column":60},"end":{"line":47,"column":88}},"line":36},"10":{"name":"(anonymous_10)","decl":{"start":{"line":41,"column":10},"end":{"line":41,"column":19}},"loc":{"start":{"line":40,"column":33},"end":{"line":42,"column":56}},"line":40},"11":{"name":"(anonymous_11)","decl":{"start":{"line":42,"column":12},"end":{"line":42,"column":15}},"loc":{"start":{"line":42,"column":56},"end":{"line":42,"column":56}},"line":42},"12":{"name":"(anonymous_12)","decl":{"start":{"line":52,"column":30},"end":{"line":52,"column":41}},"loc":{"start":{"line":52,"column":30},"end":{"line":52,"column":null}},"line":52},"13":{"name":"(anonymous_13)","decl":{"start":{"line":53,"column":27},"end":{"line":53,"column":35}},"loc":{"start":{"line":53,"column":27},"end":{"line":53,"column":null}},"line":53}},"branchMap":{"0":{"loc":{"start":{"line":86,"column":4},"end":{"line":88,"column":null}},"type":"if","locations":[{"start":{"line":86,"column":4},"end":{"line":88,"column":null}},{"start":{},"end":{}}],"line":86},"1":{"loc":{"start":{"line":89,"column":4},"end":{"line":92,"column":null}},"type":"if","locations":[{"start":{"line":89,"column":4},"end":{"line":92,"column":null}},{"start":{},"end":{}}],"line":89},"2":{"loc":{"start":{"line":89,"column":8},"end":{"line":89,"column":57}},"type":"binary-expr","locations":[{"start":{"line":89,"column":8},"end":{"line":89,"column":27}},{"start":{"line":89,"column":27},"end":{"line":89,"column":57}}],"line":89},"3":{"loc":{"start":{"line":93,"column":4},"end":{"line":95,"column":null}},"type":"if","locations":[{"start":{"line":93,"column":4},"end":{"line":95,"column":null}},{"start":{},"end":{}}],"line":93},"4":{"loc":{"start":{"line":8,"column":10},"end":{"line":4,"column":19}},"type":"binary-expr","locations":[{"start":{"line":8,"column":10},"end":{"line":8,"column":null}},{"start":{"line":8,"column":10},"end":{"line":4,"column":19}}],"line":8},"5":{"loc":{"start":{"line":7,"column":6},"end":{"line":7,"column":18}},"type":"binary-expr","locations":[{"start":{"line":7,"column":6},"end":{"line":7,"column":18}},{"start":{"line":7,"column":6},"end":{"line":7,"column":18}}],"line":7},"6":{"loc":{"start":{"line":12,"column":17},"end":{"line":12,"column":null}},"type":"binary-expr","locations":[{"start":{"line":12,"column":17},"end":{"line":12,"column":30}},{"start":{"line":12,"column":17},"end":{"line":12,"column":null}}],"line":12},"7":{"loc":{"start":{"line":20,"column":17},"end":{"line":20,"column":null}},"type":"binary-expr","locations":[{"start":{"line":20,"column":17},"end":{"line":20,"column":26}},{"start":{"line":20,"column":17},"end":{"line":20,"column":null}}],"line":20},"8":{"loc":{"start":{"line":28,"column":26},"end":{"line":28,"column":40}},"type":"binary-expr","locations":[{"start":{"line":28,"column":26},"end":{"line":28,"column":38}},{"start":{"line":28,"column":26},"end":{"line":28,"column":40}}],"line":28},"9":{"loc":{"start":{"line":41,"column":25},"end":{"line":41,"column":74}},"type":"cond-expr","locations":[{"start":{"line":41,"column":35},"end":{"line":41,"column":74}},{"start":{"line":41,"column":35},"end":{"line":41,"column":74}}],"line":41},"10":{"loc":{"start":{"line":42,"column":15},"end":{"line":42,"column":56}},"type":"cond-expr","locations":[{"start":{"line":42,"column":25},"end":{"line":42,"column":56}},{"start":{"line":42,"column":25},"end":{"line":42,"column":56}}],"line":42},"11":{"loc":{"start":{"line":52,"column":30},"end":{"line":52,"column":null}},"type":"binary-expr","locations":[{"start":{"line":52,"column":30},"end":{"line":52,"column":41}},{"start":{"line":52,"column":30},"end":{"line":52,"column":null}}],"line":52},"12":{"loc":{"start":{"line":53,"column":27},"end":{"line":53,"column":null}},"type":"binary-expr","locations":[{"start":{"line":53,"column":27},"end":{"line":53,"column":35}},{"start":{"line":53,"column":27},"end":{"line":53,"column":null}}],"line":53}},"s":{"0":2,"1":2,"2":2,"3":2,"4":2,"5":2,"6":2,"7":2,"8":2,"9":2,"10":2,"11":2,"12":0,"13":2,"14":0,"15":0,"16":2,"17":0,"18":2,"19":0,"20":0,"21":2,"22":2,"23":0,"24":0,"25":0,"26":0,"27":2,"28":2,"29":1,"30":1,"31":1,"32":1,"33":6,"34":4,"35":0,"36":0,"37":0,"38":4,"39":10,"40":2,"41":0,"42":0,"43":0},"f":{"0":2,"1":0,"2":0,"3":2,"4":4,"5":0,"6":0,"7":0,"8":4,"9":10,"10":2,"11":0,"12":0,"13":0},"b":{"0":[0,2],"1":[0,2],"2":[2,0],"3":[0,2],"4":[6,2],"5":[4,2],"6":[6,2],"7":[6,2],"8":[6,2],"9":[0,2],"10":[0,0],"11":[6,2],"12":[6,2]},"meta":{"lastBranch":0,"lastFunction":0,"lastStatement":0,"seen":{}}}
,"/Users/leezesi/Documents/code/usmp/frontend/src/views/Settings.vue": {"path":"/Users/leezesi/Documents/code/usmp/frontend/src/views/Settings.vue","statementMap":{"0":{"start":{"line":84,"column":30},"end":{"line":89,"column":null}},"1":{"start":{"line":91,"column":29},"end":{"line":93,"column":null}},"2":{"start":{"line":95,"column":6},"end":{"line":95,"column":null}},"3":{"start":{"line":96,"column":6},"end":{"line":96,"column":null}},"4":{"start":{"line":99,"column":2},"end":{"line":99,"column":null}},"5":{"start":{"line":103,"column":2},"end":{"line":103,"column":null}},"6":{"start":{"line":104,"column":2},"end":{"line":104,"column":null}},"7":{"start":{"line":105,"column":2},"end":{"line":105,"column":null}},"8":{"start":{"line":2,"column":7},"end":{"line":2,"column":null}},"9":{"start":{"line":73,"column":9},"end":{"line":73,"column":null}},"10":{"start":{"line":2,"column":2},"end":{"line":75,"column":68}},"11":{"start":{"line":11,"column":14},"end":{"line":10,"column":27}},"12":{"start":{"line":52,"column":16},"end":{"line":50,"column":37}},"13":{"start":{"line":21,"column":23},"end":{"line":50,"column":37}},"14":{"start":{"line":20,"column":22},"end":{"line":19,"column":51}},"15":{"start":{"line":16,"column":30},"end":{"line":16,"column":55}},"16":{"start":{"line":17,"column":49},"end":{"line":19,"column":51}},"17":{"start":{"line":28,"column":22},"end":{"line":27,"column":51}},"18":{"start":{"line":24,"column":30},"end":{"line":24,"column":59}},"19":{"start":{"line":25,"column":49},"end":{"line":27,"column":51}},"20":{"start":{"line":38,"column":12},"end":{"line":39,"column":37}},"21":{"start":{"line":33,"column":21},"end":{"line":33,"column":null}},"22":{"start":{"line":49,"column":12},"end":{"line":50,"column":37}},"23":{"start":{"line":44,"column":21},"end":{"line":44,"column":null}},"24":{"start":{"line":59,"column":14},"end":{"line":58,"column":27}},"25":{"start":{"line":70,"column":16},"end":{"line":67,"column":66}},"26":{"start":{"line":69,"column":23},"end":{"line":67,"column":66}},"27":{"start":{"line":68,"column":27},"end":{"line":67,"column":66}},"28":{"start":{"line":64,"column":35},"end":{"line":64,"column":null}},"29":{"start":{"line":65,"column":65},"end":{"line":67,"column":66}},"30":{"start":{"line":65,"column":47},"end":{"line":65,"column":65}},"31":{"start":{"line":66,"column":46},"end":{"line":66,"column":64}},"32":{"start":{"line":67,"column":48},"end":{"line":67,"column":66}},"33":{"start":{"line":74,"column":40},"end":{"line":74,"column":52}},"34":{"start":{"line":75,"column":56},"end":{"line":75,"column":68}}},"fnMap":{"0":{"name":"handleSave","decl":{"start":{"line":98,"column":9},"end":{"line":98,"column":22}},"loc":{"start":{"line":98,"column":22},"end":{"line":100,"column":null}},"line":98},"1":{"name":"handleReset","decl":{"start":{"line":102,"column":9},"end":{"line":102,"column":23}},"loc":{"start":{"line":102,"column":23},"end":{"line":106,"column":null}},"line":102},"2":{"name":"(anonymous_2)","decl":{"start":{"line":9,"column":8},"end":{"line":9,"column":13}},"loc":{"start":{"line":11,"column":14},"end":{"line":10,"column":27}},"line":11},"3":{"name":"(anonymous_3)","decl":{"start":{"line":14,"column":6},"end":{"line":14,"column":16}},"loc":{"start":{"line":52,"column":16},"end":{"line":50,"column":37}},"line":52},"4":{"name":"(anonymous_4)","decl":{"start":{"line":15,"column":8},"end":{"line":15,"column":22}},"loc":{"start":{"line":21,"column":23},"end":{"line":50,"column":37}},"line":21},"5":{"name":"(anonymous_5)","decl":{"start":{"line":16,"column":10},"end":{"line":16,"column":30}},"loc":{"start":{"line":20,"column":22},"end":{"line":19,"column":51}},"line":20},"6":{"name":"(anonymous_6)","decl":{"start":{"line":16,"column":45},"end":{"line":16,"column":53}},"loc":{"start":{"line":16,"column":30},"end":{"line":16,"column":55}},"line":16},"7":{"name":"(anonymous_7)","decl":{"start":{"line":17,"column":12},"end":{"line":17,"column":23}},"loc":{"start":{"line":17,"column":49},"end":{"line":19,"column":51}},"line":17},"8":{"name":"(anonymous_8)","decl":{"start":{"line":24,"column":10},"end":{"line":24,"column":30}},"loc":{"start":{"line":28,"column":22},"end":{"line":27,"column":51}},"line":28},"9":{"name":"(anonymous_9)","decl":{"start":{"line":24,"column":45},"end":{"line":24,"column":57}},"loc":{"start":{"line":24,"column":30},"end":{"line":24,"column":59}},"line":24},"10":{"name":"(anonymous_10)","decl":{"start":{"line":25,"column":12},"end":{"line":25,"column":23}},"loc":{"start":{"line":25,"column":49},"end":{"line":27,"column":51}},"line":25},"11":{"name":"(anonymous_11)","decl":{"start":{"line":32,"column":10},"end":{"line":32,"column":null}},"loc":{"start":{"line":38,"column":12},"end":{"line":39,"column":37}},"line":38},"12":{"name":"(anonymous_12)","decl":{"start":{"line":33,"column":36},"end":{"line":33,"column":50}},"loc":{"start":{"line":33,"column":21},"end":{"line":33,"column":null}},"line":33},"13":{"name":"(anonymous_13)","decl":{"start":{"line":43,"column":10},"end":{"line":43,"column":null}},"loc":{"start":{"line":49,"column":12},"end":{"line":50,"column":37}},"line":49},"14":{"name":"(anonymous_14)","decl":{"start":{"line":44,"column":36},"end":{"line":44,"column":46}},"loc":{"start":{"line":44,"column":21},"end":{"line":44,"column":null}},"line":44},"15":{"name":"(anonymous_15)","decl":{"start":{"line":57,"column":8},"end":{"line":57,"column":13}},"loc":{"start":{"line":59,"column":14},"end":{"line":58,"column":27}},"line":59},"16":{"name":"(anonymous_16)","decl":{"start":{"line":62,"column":6},"end":{"line":62,"column":16}},"loc":{"start":{"line":70,"column":16},"end":{"line":67,"column":66}},"line":70},"17":{"name":"(anonymous_17)","decl":{"start":{"line":63,"column":8},"end":{"line":63,"column":22}},"loc":{"start":{"line":69,"column":23},"end":{"line":67,"column":66}},"line":69},"18":{"name":"(anonymous_18)","decl":{"start":{"line":64,"column":10},"end":{"line":64,"column":35}},"loc":{"start":{"line":68,"column":27},"end":{"line":67,"column":66}},"line":68},"19":{"name":"(anonymous_19)","decl":{"start":{"line":64,"column":49},"end":{"line":64,"column":54}},"loc":{"start":{"line":64,"column":35},"end":{"line":64,"column":null}},"line":64},"20":{"name":"(anonymous_20)","decl":{"start":{"line":65,"column":12},"end":{"line":65,"column":29}},"loc":{"start":{"line":65,"column":65},"end":{"line":67,"column":66}},"line":65},"21":{"name":"(anonymous_21)","decl":{"start":{"line":65,"column":43},"end":{"line":65,"column":47}},"loc":{"start":{"line":65,"column":47},"end":{"line":65,"column":65}},"line":65},"22":{"name":"(anonymous_22)","decl":{"start":{"line":66,"column":42},"end":{"line":66,"column":46}},"loc":{"start":{"line":66,"column":46},"end":{"line":66,"column":64}},"line":66},"23":{"name":"(anonymous_23)","decl":{"start":{"line":67,"column":44},"end":{"line":67,"column":48}},"loc":{"start":{"line":67,"column":48},"end":{"line":67,"column":66}},"line":67},"24":{"name":"(anonymous_24)","decl":{"start":{"line":74,"column":38},"end":{"line":74,"column":40}},"loc":{"start":{"line":74,"column":40},"end":{"line":74,"column":52}},"line":74},"25":{"name":"(anonymous_25)","decl":{"start":{"line":75,"column":52},"end":{"line":75,"column":56}},"loc":{"start":{"line":75,"column":56},"end":{"line":75,"column":68}},"line":75}},"branchMap":{"0":{"loc":{"start":{"line":77,"column":8},"end":{"line":4,"column":19}},"type":"binary-expr","locations":[{"start":{"line":77,"column":8},"end":{"line":77,"column":null}},{"start":{"line":77,"column":8},"end":{"line":4,"column":19}}],"line":77},"1":{"loc":{"start":{"line":11,"column":14},"end":{"line":10,"column":27}},"type":"binary-expr","locations":[{"start":{"line":11,"column":14},"end":{"line":11,"column":null}},{"start":{"line":11,"column":14},"end":{"line":10,"column":27}}],"line":11},"2":{"loc":{"start":{"line":16,"column":45},"end":{"line":16,"column":55}},"type":"binary-expr","locations":[{"start":{"line":16,"column":45},"end":{"line":16,"column":53}},{"start":{"line":16,"column":45},"end":{"line":16,"column":55}}],"line":16},"3":{"loc":{"start":{"line":24,"column":45},"end":{"line":24,"column":59}},"type":"binary-expr","locations":[{"start":{"line":24,"column":45},"end":{"line":24,"column":57}},{"start":{"line":24,"column":45},"end":{"line":24,"column":59}}],"line":24},"4":{"loc":{"start":{"line":33,"column":36},"end":{"line":33,"column":null}},"type":"binary-expr","locations":[{"start":{"line":33,"column":36},"end":{"line":33,"column":50}},{"start":{"line":33,"column":36},"end":{"line":33,"column":null}}],"line":33},"5":{"loc":{"start":{"line":39,"column":10},"end":{"line":39,"column":37}},"type":"binary-expr","locations":[{"start":{"line":39,"column":10},"end":{"line":39,"column":16}},{"start":{"line":39,"column":10},"end":{"line":39,"column":37}}],"line":39},"6":{"loc":{"start":{"line":44,"column":36},"end":{"line":44,"column":null}},"type":"binary-expr","locations":[{"start":{"line":44,"column":36},"end":{"line":44,"column":46}},{"start":{"line":44,"column":36},"end":{"line":44,"column":null}}],"line":44},"7":{"loc":{"start":{"line":50,"column":10},"end":{"line":50,"column":37}},"type":"binary-expr","locations":[{"start":{"line":50,"column":10},"end":{"line":50,"column":16}},{"start":{"line":50,"column":10},"end":{"line":50,"column":37}}],"line":50},"8":{"loc":{"start":{"line":59,"column":14},"end":{"line":58,"column":27}},"type":"binary-expr","locations":[{"start":{"line":59,"column":14},"end":{"line":59,"column":null}},{"start":{"line":59,"column":14},"end":{"line":58,"column":27}}],"line":59},"9":{"loc":{"start":{"line":64,"column":49},"end":{"line":64,"column":null}},"type":"binary-expr","locations":[{"start":{"line":64,"column":49},"end":{"line":64,"column":54}},{"start":{"line":64,"column":49},"end":{"line":64,"column":null}}],"line":64},"10":{"loc":{"start":{"line":65,"column":47},"end":{"line":65,"column":65}},"type":"binary-expr","locations":[{"start":{"line":65,"column":47},"end":{"line":65,"column":65}},{"start":{"line":65,"column":47},"end":{"line":65,"column":65}}],"line":65},"11":{"loc":{"start":{"line":66,"column":46},"end":{"line":66,"column":64}},"type":"binary-expr","locations":[{"start":{"line":66,"column":46},"end":{"line":66,"column":64}},{"start":{"line":66,"column":46},"end":{"line":66,"column":64}}],"line":66},"12":{"loc":{"start":{"line":67,"column":48},"end":{"line":67,"column":66}},"type":"binary-expr","locations":[{"start":{"line":67,"column":48},"end":{"line":67,"column":66}},{"start":{"line":67,"column":48},"end":{"line":67,"column":66}}],"line":67},"13":{"loc":{"start":{"line":74,"column":40},"end":{"line":74,"column":52}},"type":"binary-expr","locations":[{"start":{"line":74,"column":40},"end":{"line":74,"column":52}},{"start":{"line":74,"column":40},"end":{"line":74,"column":52}}],"line":74},"14":{"loc":{"start":{"line":75,"column":56},"end":{"line":75,"column":68}},"type":"binary-expr","locations":[{"start":{"line":75,"column":56},"end":{"line":75,"column":68}},{"start":{"line":75,"column":56},"end":{"line":75,"column":68}}],"line":75}},"s":{"0":2,"1":2,"2":2,"3":2,"4":0,"5":0,"6":0,"7":0,"8":1,"9":1,"10":2,"11":2,"12":2,"13":2,"14":4,"15":0,"16":4,"17":4,"18":0,"19":4,"20":4,"21":0,"22":4,"23":0,"24":2,"25":2,"26":2,"27":4,"28":0,"29":4,"30":2,"31":2,"32":2,"33":4,"34":4},"f":{"0":0,"1":0,"2":2,"3":2,"4":2,"5":4,"6":0,"7":4,"8":4,"9":0,"10":4,"11":4,"12":0,"13":4,"14":0,"15":2,"16":2,"17":2,"18":4,"19":0,"20":4,"21":2,"22":2,"23":2,"24":4,"25":4},"b":{"0":[2,2],"1":[2,2],"2":[4,2],"3":[4,2],"4":[4,2],"5":[4,2],"6":[4,2],"7":[4,2],"8":[2,2],"9":[4,2],"10":[2,2],"11":[2,2],"12":[2,2],"13":[4,2],"14":[4,2]},"meta":{"lastBranch":0,"lastFunction":0,"lastStatement":0,"seen":{}}}
}
